[06:03:24] [modloading-worker-0/INFO] ========================================
[06:03:24] [modloading-worker-0/INFO] Minecraft: 1.20.1
[06:03:24] [modloading-worker-0/INFO] Side: server
[06:03:24] [modloading-worker-0/INFO] Development: false
[06:03:24] [modloading-worker-0/INFO] Version: 12.1.785
[06:03:24] [modloading-worker-0/INFO] Loader:
[06:03:24] [modloading-worker-0/INFO] - Forge: 47.3.7
[06:03:24] [modloading-worker-0/INFO] Dependencies:
[06:03:24] [modloading-worker-0/INFO] - Cloth Config: 11.1.136
[06:03:24] [modloading-worker-0/INFO] - Architectury: 9.2.14
[06:03:24] [modloading-worker-0/INFO] Mixin: 0.8.5
[06:03:24] [modloading-worker-0/INFO] OS: Linux 6.8.0-1030-azure (amd64)
[06:03:24] [modloading-worker-0/INFO] Java: 17.0.16 (Ubuntu)
[06:03:24] [modloading-worker-0/INFO] ========================================
[06:03:24] [modloading-worker-0/INFO] Mods:
[06:03:24] [modloading-worker-0/INFO] - aether: 1.20.1-1.5.2-neoforge
[06:03:24] [modloading-worker-0/INFO] - alexscaves: 2.0.2
[06:03:24] [modloading-worker-0/INFO] - aquamirae: 6.1.0
[06:03:24] [modloading-worker-0/INFO] - architectury: 9.2.14
[06:03:24] [modloading-worker-0/INFO] - athena: 3.1.2
[06:03:24] [modloading-worker-0/INFO] - azurelib: 3.0.17
[06:03:24] [modloading-worker-0/INFO] - balm: 7.3.35
[06:03:24] [modloading-worker-0/INFO] - bettercombat: 1.8.6+1.20.1
[06:03:24] [modloading-worker-0/INFO] - betterendisland: 1.20-Forge-2.0.6
[06:03:24] [modloading-worker-0/INFO] - betterfortresses: 1.20-Forge-2.0.6
[06:03:24] [modloading-worker-0/INFO] - betterstrongholds: 1.20-Forge-4.0.3
[06:03:24] [modloading-worker-0/INFO] - born_in_chaos_v1: 1.7.2
[06:03:24] [modloading-worker-0/INFO] - butcher: 3.6.1
[06:03:24] [modloading-worker-0/INFO] - chipped: 3.0.7
[06:03:24] [modloading-worker-0/INFO] - citadel: 2.6.2
[06:03:24] [modloading-worker-0/INFO] - cloth_config: 11.1.136
[06:03:24] [modloading-worker-0/INFO] - comforts: 6.4.0+1.20.1
[06:03:24] [modloading-worker-0/INFO] - commonnetworking: 1.0.5-1.20.1
[06:03:24] [modloading-worker-0/INFO] - create: 6.0.6
[06:03:24] [modloading-worker-0/INFO] - createaddition: 1.20.1-1.3.1
[06:03:24] [modloading-worker-0/INFO] - createtaczauto: 1.5.1
[06:03:24] [modloading-worker-0/INFO] - cristellib: 1.1.6
[06:03:24] [modloading-worker-0/INFO] - cumulus_menus: 1.20.1-1.0.1-neoforge
[06:03:24] [modloading-worker-0/INFO] - curios: 5.14.1+1.20.1
[06:03:24] [modloading-worker-0/INFO] - dungeoncrawl: 2.3.15
[06:03:24] [modloading-worker-0/INFO] - dungeons_arise: 2.1.58-1.20.x
[06:03:24] [modloading-worker-0/INFO] - dungeons_arise_seven_seas: 1.0.2
[06:03:24] [modloading-worker-0/INFO] - dungeons_plus: 1.3.0
[06:03:24] [modloading-worker-0/INFO] - embeddium: 0.3.31+mc1.20.1
[06:03:24] [modloading-worker-0/INFO] - embeddium_extra: 0.5.4.4+mc1.20.1-build.131
[06:03:24] [modloading-worker-0/INFO] - emi: 1.1.22+1.20.1+forge
[06:03:24] [modloading-worker-0/INFO] - entityculling: 1.8.2
[06:03:24] [modloading-worker-0/INFO] - expanded_ecosphere: 3.2.4
[06:03:24] [modloading-worker-0/INFO] - ferritecore: 6.0.1
[06:03:24] [modloading-worker-0/INFO] - flywheel: 1.0.4
[06:03:24] [modloading-worker-0/INFO] - forge: 47.3.7
[06:03:24] [modloading-worker-0/INFO] - geckolib: 4.8.2
[06:03:24] [modloading-worker-0/INFO] - incendium: 5.3.1
[06:03:24] [modloading-worker-0/INFO] - jei: 15.20.0.116
[06:03:24] [modloading-worker-0/INFO] - justhammers: 2.0.3+mc1.20.1
[06:03:24] [modloading-worker-0/INFO] - kuma_api: 20.1.11
[06:03:24] [modloading-worker-0/INFO] - map_atlases: 1.20-6.0.17
[06:03:24] [modloading-worker-0/INFO] - minecraft: 1.20.1
[06:03:24] [modloading-worker-0/INFO] - mixinextras: 0.2.0-beta.9
[06:03:24] [modloading-worker-0/INFO] - monolib: 2.1.0
[06:03:24] [modloading-worker-0/INFO] - moonlight: 1.20-2.16.13
[06:03:24] [modloading-worker-0/INFO] - mowziesmobs: 1.7.3
[06:03:24] [modloading-worker-0/INFO] - mr_limesplatus_ending: 1-v1.1.0c
[06:03:24] [modloading-worker-0/INFO] - new_shield_variants: 2.1.0
[06:03:24] [modloading-worker-0/INFO] - nitrogen_internals: 1.20.1-1.0.12-neoforge
[06:03:24] [modloading-worker-0/INFO] - noisium: 2.3.0+mc1.20-1.20.1
[06:03:24] [modloading-worker-0/INFO] - nordic_structures: 1.6.9
[06:03:24] [modloading-worker-0/INFO] - obscure_api: 15
[06:03:24] [modloading-worker-0/INFO] - offlineskins: 1.20.1-v1
[06:03:24] [modloading-worker-0/INFO] - patchouli: 1.20.1-84.1-FORGE
[06:03:24] [modloading-worker-0/INFO] - philipsruins: 5.6
[06:03:24] [modloading-worker-0/INFO] - playeranimator: 1.0.2-rc1+1.20
[06:03:24] [modloading-worker-0/INFO] - polymorph: 0.49.10+1.20.1
[06:03:24] [modloading-worker-0/INFO] - ponder: 1.0.80
[06:03:24] [modloading-worker-0/INFO] - realmrpg_skeletons: 1.1.0
[06:03:24] [modloading-worker-0/INFO] - resourcefullib: 2.1.29
[06:03:24] [modloading-worker-0/INFO] - ringsofascension: 2.0.0
[06:03:24] [modloading-worker-0/INFO] - roughlyenoughitems: 12.1.785
[06:03:24] [modloading-worker-0/INFO] - rubidium: 0.7.1
[06:03:24] [modloading-worker-0/INFO] - samurai_dynasty: 0.0.49-1.20.1-neo
[06:03:24] [modloading-worker-0/INFO] - spectrelib: 0.13.17+1.20.1
[06:03:24] [modloading-worker-0/INFO] - stalwart_dungeons: 1.2.8
[06:03:24] [modloading-worker-0/INFO] - starlight: 1.1.2+forge.1cda73c
[06:03:24] [modloading-worker-0/INFO] - tacz: 1.1.6-hotfix
[06:03:24] [modloading-worker-0/INFO] - tfmg: 1.0.2c
[06:03:24] [modloading-worker-0/INFO] - toms_storage: 1.7.1
[06:03:24] [modloading-worker-0/INFO] - trade_cycling: 1.20.1-1.0.18
[06:03:24] [modloading-worker-0/INFO] - transition: 1.0.3
[06:03:24] [modloading-worker-0/INFO] - treechop: 0.18.8
[06:03:24] [modloading-worker-0/INFO] - trender: 1.0.5
[06:03:24] [modloading-worker-0/INFO] - trowelsfork: 2.0.0
[06:03:24] [modloading-worker-0/INFO] - usefulslime: 1.8.1
[06:03:24] [modloading-worker-0/INFO] - veinmining: 1.5.0+1.20.1
[06:03:24] [modloading-worker-0/INFO] - waystones: 14.1.17
[06:03:24] [modloading-worker-0/INFO] - weaponmaster_ydm: 4.2.3
[06:03:24] [modloading-worker-0/INFO] - xpbook: 2.1.8
[06:03:24] [modloading-worker-0/INFO] - yungsapi: 1.20-Forge-4.0.6
[06:03:24] [modloading-worker-0/INFO] ========================================
[06:03:24] [modloading-worker-0/INFO] [REI] Registered plugin provider AetherREIServerPlugin [aether] for REIPlugin
[06:03:24] [modloading-worker-0/INFO] [REI] Registered plugin provider DefaultPluginImpl [roughlyenoughitems] for REIServerPlugin
[06:03:24] [modloading-worker-0/INFO] [REI] Registered plugin provider DefaultPluginImpl [roughlyenoughitems] for REIPlugin
[06:03:24] [modloading-worker-0/INFO] [REI] Registered plugin provider DefaultRuntimePlugin [roughlyenoughitems] for REIServerPlugin
[06:03:24] [modloading-worker-0/INFO] [REI] Registered plugin provider DefaultRuntimePlugin [roughlyenoughitems] for REIPlugin
[06:03:24] [modloading-worker-0/INFO] [REI] Registered plugin provider AetherREIServerPlugin [aether] for REIServerPlugin
[06:03:49] [Worker-Main-2/DEBUG] [REI] Processed 0 tags in 50.43 μs for moonlight:map_markers
[06:03:49] [Worker-Main-2/DEBUG] [REI] Processed 0 tags in 6.151 μs for minecraft:worldgen/structure_set
[06:03:49] [Worker-Main-3/DEBUG] [REI] Processed 3 tags in 604.9 μs for minecraft:enchantment
[06:03:50] [Worker-Main-1/DEBUG] [REI] Processed 0 tags in 127.0 μs for minecraft:worldgen/biome
[06:03:50] [Worker-Main-1/DEBUG] [REI] Processed 3 tags in 91.31 μs for minecraft:point_of_interest_type
[06:03:50] [Worker-Main-1/DEBUG] [REI] Processed 0 tags in 5.781 μs for minecraft:worldgen/flat_level_generator_preset
[06:03:50] [Worker-Main-1/DEBUG] [REI] Processed 0 tags in 18.97 μs for minecraft:worldgen/structure
[06:03:50] [Worker-Main-1/DEBUG] [REI] Processed 3 tags in 42.99 μs for minecraft:instrument
[06:03:50] [Worker-Main-1/DEBUG] [REI] Processed 5 tags in 51.58 μs for minecraft:sound_event
[06:03:50] [Worker-Main-1/DEBUG] [REI] Processed 7 tags in 67.35 μs for minecraft:banner_pattern
[06:03:50] [Worker-Main-1/DEBUG] [REI] Processed 2 tags in 30.96 μs for create:mounted_item_storage_type
[06:03:50] [Worker-Main-1/DEBUG] [REI] Processed 1 tags in 8.046 μs for minecraft:recipe_serializer
[06:03:50] [Worker-Main-1/DEBUG] [REI] Processed 181 tags in 2.445 ms for minecraft:entity_type
[06:03:50] [Worker-Main-1/DEBUG] [REI] Processed 2 tags in 25.23 μs for create:contraption_type
[06:03:50] [Worker-Main-1/DEBUG] [REI] Processed 1 tags in 36.46 μs for minecraft:painting_variant
[06:03:50] [Worker-Main-1/DEBUG] [REI] Processed 39 tags in 127.2 μs for minecraft:fluid
[06:03:50] [Worker-Main-1/DEBUG] [REI] Processed 0 tags in 9.628 μs for minecraft:damage_type
[06:03:50] [Worker-Main-1/DEBUG] [REI] Processed 5 tags in 133.4 μs for minecraft:game_event
[06:03:50] [Worker-Main-1/DEBUG] [REI] Processed 2 tags in 16.99 μs for minecraft:cat_variant
[06:03:50] [Worker-Main-1/DEBUG] [REI] Processed 0 tags in 52.80 μs for minecraft:worldgen/world_preset
[06:03:50] [Worker-Main-3/DEBUG] [REI] Processed 1015 tags in 13.61 ms for minecraft:item
[06:03:50] [Worker-Main-2/DEBUG] [REI] Processed 889 tags in 8.584 ms for minecraft:block
[06:03:52] [main/DEBUG] [REI] Starting Reload Plugins of stage null
java.lang.Throwable
	at TRANSFORMER/roughlyenoughitems@12.1.785/me.shedaniel.rei.impl.common.plugins.ReloadManagerImpl.reloadPlugins(ReloadManagerImpl.java:110)
	at TRANSFORMER/roughlyenoughitems@12.1.785/me.shedaniel.rei.RoughlyEnoughItemsCore.lambda$onInitialize$5(RoughlyEnoughItemsCore.java:163)
	at java.base/java.util.concurrent.CompletableFuture$UniRun.tryFire(CompletableFuture.java:787)
	at java.base/java.util.concurrent.CompletableFuture$Completion.run(CompletableFuture.java:482)
	at TRANSFORMER/minecraft@1.20.1/net.minecraft.server.packs.resources.SimpleReloadInstance.m_143940_(SimpleReloadInstance.java:69)
	at TRANSFORMER/minecraft@1.20.1/net.minecraft.Util.m_214652_(Util.java:783)
	at TRANSFORMER/minecraft@1.20.1/net.minecraft.Util.m_214679_(Util.java:772)
	at TRANSFORMER/minecraft@1.20.1/net.minecraft.server.Main.main(Main.java:166)
	at java.base/jdk.internal.reflect.NativeMethodAccessorImpl.invoke0(Native Method)
	at java.base/jdk.internal.reflect.NativeMethodAccessorImpl.invoke(NativeMethodAccessorImpl.java:77)
	at java.base/jdk.internal.reflect.DelegatingMethodAccessorImpl.invoke(DelegatingMethodAccessorImpl.java:43)
	at java.base/java.lang.reflect.Method.invoke(Method.java:569)
	at MC-BOOTSTRAP/fmlloader@1.20.1-47.3.7/net.minecraftforge.fml.loading.targets.CommonLaunchHandler.runTarget(CommonLaunchHandler.java:111)
	at MC-BOOTSTRAP/fmlloader@1.20.1-47.3.7/net.minecraftforge.fml.loading.targets.CommonLaunchHandler.serverService(CommonLaunchHandler.java:103)
	at MC-BOOTSTRAP/fmlloader@1.20.1-47.3.7/net.minecraftforge.fml.loading.targets.CommonServerLaunchHandler.lambda$makeService$0(CommonServerLaunchHandler.java:27)
	at MC-BOOTSTRAP/cpw.mods.modlauncher@10.0.9/cpw.mods.modlauncher.LaunchServiceHandlerDecorator.launch(LaunchServiceHandlerDecorator.java:30)
	at MC-BOOTSTRAP/cpw.mods.modlauncher@10.0.9/cpw.mods.modlauncher.LaunchServiceHandler.launch(LaunchServiceHandler.java:53)
	at MC-BOOTSTRAP/cpw.mods.modlauncher@10.0.9/cpw.mods.modlauncher.LaunchServiceHandler.launch(LaunchServiceHandler.java:71)
	at MC-BOOTSTRAP/cpw.mods.modlauncher@10.0.9/cpw.mods.modlauncher.Launcher.run(Launcher.java:108)
	at MC-BOOTSTRAP/cpw.mods.modlauncher@10.0.9/cpw.mods.modlauncher.Launcher.main(Launcher.java:78)
	at MC-BOOTSTRAP/cpw.mods.modlauncher@10.0.9/cpw.mods.modlauncher.BootstrapLaunchConsumer.accept(BootstrapLaunchConsumer.java:26)
	at MC-BOOTSTRAP/cpw.mods.modlauncher@10.0.9/cpw.mods.modlauncher.BootstrapLaunchConsumer.accept(BootstrapLaunchConsumer.java:23)
	at cpw.mods.bootstraplauncher@1.1.2/cpw.mods.bootstraplauncher.BootstrapLauncher.main(BootstrapLauncher.java:141)
[06:03:52] [main/DEBUG] [REI] ========================================
[06:03:52] [main/DEBUG] [REI] REIPlugin starting pre-reload for START.
[06:03:52] [main/DEBUG] [REI] Reloadables (7):
[06:03:52] [main/DEBUG] [REI]  - EntryTypeRegistryImpl
[06:03:52] [main/DEBUG] [REI]  - EntrySettingsAdapterRegistryImpl
[06:03:52] [main/DEBUG] [REI]  - RecipeManagerContextImpl
[06:03:52] [main/DEBUG] [REI]  - ItemComparatorRegistryImpl
[06:03:52] [main/DEBUG] [REI]  - FluidComparatorRegistryImpl
[06:03:52] [main/DEBUG] [REI]  - DisplaySerializerRegistryImpl
[06:03:52] [main/DEBUG] [REI]  - FluidSupportProviderImpl
[06:03:52] [main/DEBUG] [REI] Plugins (3):
[06:03:52] [main/DEBUG] [REI]  - (-100.00) DefaultPluginImpl of DefaultPluginImpl [roughlyenoughitems]
[06:03:52] [main/DEBUG] [REI]  - (0.00) DefaultRuntimePlugin of DefaultRuntimePlugin [roughlyenoughitems]
[06:03:52] [main/DEBUG] [REI]  - (0.00) AetherREIServerPlugin of AetherREIServerPlugin [aether]
[06:03:52] [main/DEBUG] [REI] ========================================
[06:03:52] [main/TRACE] [REI] [REIPlugin START] Reloading Section: "pre-register/"
[06:03:52] [main/TRACE] [REI] [REIPlugin START] Reloading Section: "pre-register/DefaultPluginImpl of DefaultPluginImpl [roughlyenoughitems]/"
[06:03:52] [main/TRACE] [REI] [REIPlugin START] Reloading Section: "pre-register/DefaultPluginImpl of DefaultPluginImpl [roughlyenoughitems]/" done in 750.3 μs
[06:03:52] [main/TRACE] [REI] [REIPlugin START] Reloading Section: "pre-register/DefaultRuntimePlugin of DefaultRuntimePlugin [roughlyenoughitems]/"
[06:03:52] [main/TRACE] [REI] [REIPlugin START] Reloading Section: "pre-register/DefaultRuntimePlugin of DefaultRuntimePlugin [roughlyenoughitems]/" done in 73.51 μs
[06:03:52] [main/TRACE] [REI] [REIPlugin START] Reloading Section: "pre-register/AetherREIServerPlugin of AetherREIServerPlugin [aether]/"
[06:03:52] [main/TRACE] [REI] [REIPlugin START] Reloading Section: "pre-register/AetherREIServerPlugin of AetherREIServerPlugin [aether]/" done in 50.63 μs
[06:03:52] [main/TRACE] [REI] [REIPlugin START] Reloading Section: "pre-register/" done in 8.873 ms
[06:03:52] [main/TRACE] [REI] [REIPlugin START] Reloading Section: "pre-stage/"
[06:03:52] [main/TRACE] [REI] [REIPlugin START] Reloading Section: "pre-stage/EntryTypeRegistryImpl/"
[06:03:52] [main/TRACE] [REI] [REIPlugin START] Reloading Section: "pre-stage/EntryTypeRegistryImpl/" done in 210.4 μs
[06:03:52] [main/TRACE] [REI] [REIPlugin START] Reloading Section: "pre-stage/EntrySettingsAdapterRegistryImpl/"
[06:03:52] [main/TRACE] [REI] [REIPlugin START] Reloading Section: "pre-stage/EntrySettingsAdapterRegistryImpl/" done in 56.26 μs
[06:03:52] [main/TRACE] [REI] [REIPlugin START] Reloading Section: "pre-stage/RecipeManagerContextImpl/"
[06:03:52] [main/TRACE] [REI] [REIPlugin START] Reloading Section: "pre-stage/RecipeManagerContextImpl/" done in 52.77 μs
[06:03:52] [main/TRACE] [REI] [REIPlugin START] Reloading Section: "pre-stage/ItemComparatorRegistryImpl/"
[06:03:52] [main/TRACE] [REI] [REIPlugin START] Reloading Section: "pre-stage/ItemComparatorRegistryImpl/" done in 47.87 μs
[06:03:52] [main/TRACE] [REI] [REIPlugin START] Reloading Section: "pre-stage/FluidComparatorRegistryImpl/"
[06:03:52] [main/TRACE] [REI] [REIPlugin START] Reloading Section: "pre-stage/FluidComparatorRegistryImpl/" done in 47.81 μs
[06:03:52] [main/TRACE] [REI] [REIPlugin START] Reloading Section: "pre-stage/DisplaySerializerRegistryImpl/"
[06:03:52] [main/TRACE] [REI] [REIPlugin START] Reloading Section: "pre-stage/DisplaySerializerRegistryImpl/" done in 50.03 μs
[06:03:52] [main/TRACE] [REI] [REIPlugin START] Reloading Section: "pre-stage/FluidSupportProviderImpl/"
[06:03:52] [main/TRACE] [REI] [REIPlugin START] Reloading Section: "pre-stage/FluidSupportProviderImpl/" done in 51.45 μs
[06:03:52] [main/TRACE] [REI] [REIPlugin START] Reloading Section: "pre-stage/" done in 1.506 ms
[06:03:52] [main/DEBUG] [REI] ========================================
[06:03:52] [main/DEBUG] [REI] REIPlugin finished pre-reload for START in 11.00 ms.
[06:03:52] [main/DEBUG] [REI] ========================================
[06:03:52] [main/DEBUG] [REI] ========================================
[06:03:52] [main/DEBUG] [REI] REIServerPlugin starting pre-reload for START.
[06:03:52] [main/DEBUG] [REI] Reloadables (2):
[06:03:52] [main/DEBUG] [REI]  - MenuInfoRegistryImpl
[06:03:52] [main/DEBUG] [REI]  - SlotAccessorRegistryImpl
[06:03:52] [main/DEBUG] [REI] Plugins (3):
[06:03:52] [main/DEBUG] [REI]  - (-100.00) DefaultPluginImpl of DefaultPluginImpl [roughlyenoughitems]
[06:03:52] [main/DEBUG] [REI]  - (0.00) AetherREIServerPlugin of AetherREIServerPlugin [aether]
[06:03:52] [main/DEBUG] [REI]  - (0.00) DefaultRuntimePlugin of DefaultRuntimePlugin [roughlyenoughitems]
[06:03:52] [main/DEBUG] [REI] ========================================
[06:03:52] [main/TRACE] [REI] [REIServerPlugin START] Reloading Section: "pre-register/"
[06:03:52] [main/TRACE] [REI] [REIServerPlugin START] Reloading Section: "pre-register/DefaultPluginImpl of DefaultPluginImpl [roughlyenoughitems]/"
[06:03:52] [main/TRACE] [REI] [REIServerPlugin START] Reloading Section: "pre-register/DefaultPluginImpl of DefaultPluginImpl [roughlyenoughitems]/" done in 55.07 μs
[06:03:52] [main/TRACE] [REI] [REIServerPlugin START] Reloading Section: "pre-register/AetherREIServerPlugin of AetherREIServerPlugin [aether]/"
[06:03:52] [main/TRACE] [REI] [REIServerPlugin START] Reloading Section: "pre-register/AetherREIServerPlugin of AetherREIServerPlugin [aether]/" done in 42.28 μs
[06:03:52] [main/TRACE] [REI] [REIServerPlugin START] Reloading Section: "pre-register/DefaultRuntimePlugin of DefaultRuntimePlugin [roughlyenoughitems]/"
[06:03:52] [main/TRACE] [REI] [REIServerPlugin START] Reloading Section: "pre-register/DefaultRuntimePlugin of DefaultRuntimePlugin [roughlyenoughitems]/" done in 46.55 μs
[06:03:52] [main/TRACE] [REI] [REIServerPlugin START] Reloading Section: "pre-register/" done in 602.0 μs
[06:03:52] [main/TRACE] [REI] [REIServerPlugin START] Reloading Section: "pre-stage/"
[06:03:52] [main/TRACE] [REI] [REIServerPlugin START] Reloading Section: "pre-stage/MenuInfoRegistryImpl/"
[06:03:52] [main/TRACE] [REI] [REIServerPlugin START] Reloading Section: "pre-stage/MenuInfoRegistryImpl/" done in 43.85 μs
[06:03:52] [main/TRACE] [REI] [REIServerPlugin START] Reloading Section: "pre-stage/SlotAccessorRegistryImpl/"
[06:03:52] [main/TRACE] [REI] [REIServerPlugin START] Reloading Section: "pre-stage/SlotAccessorRegistryImpl/" done in 49.17 μs
[06:03:52] [main/TRACE] [REI] [REIServerPlugin START] Reloading Section: "pre-stage/" done in 362.0 μs
[06:03:52] [main/DEBUG] [REI] ========================================
[06:03:52] [main/DEBUG] [REI] REIServerPlugin finished pre-reload for START in 1.176 ms.
[06:03:52] [main/DEBUG] [REI] ========================================
[06:03:52] [main/INFO] [REI] ########################################
[06:03:52] [main/INFO] [REI] REIPlugin starting main-reload for START.
[06:03:52] [main/DEBUG] [REI] Reloadables (7):
[06:03:52] [main/DEBUG] [REI]  - EntryTypeRegistryImpl
[06:03:52] [main/DEBUG] [REI]  - EntrySettingsAdapterRegistryImpl
[06:03:52] [main/DEBUG] [REI]  - RecipeManagerContextImpl
[06:03:52] [main/DEBUG] [REI]  - ItemComparatorRegistryImpl
[06:03:52] [main/DEBUG] [REI]  - FluidComparatorRegistryImpl
[06:03:52] [main/DEBUG] [REI]  - DisplaySerializerRegistryImpl
[06:03:52] [main/DEBUG] [REI]  - FluidSupportProviderImpl
[06:03:52] [main/INFO] [REI] Plugins (3):
[06:03:52] [main/INFO] [REI]  - (-100.00) DefaultPluginImpl of DefaultPluginImpl [roughlyenoughitems]
[06:03:52] [main/INFO] [REI]  - (0.00) DefaultRuntimePlugin of DefaultRuntimePlugin [roughlyenoughitems]
[06:03:52] [main/INFO] [REI]  - (0.00) AetherREIServerPlugin of AetherREIServerPlugin [aether]
[06:03:52] [main/INFO] [REI] ########################################
[06:03:52] [main/TRACE] [REI] [REIPlugin START] Reloading Section: "start-reload/"
[06:03:52] [main/TRACE] [REI] [REIPlugin START] Reloading Section: "start-reload/EntryTypeRegistryImpl/"
[06:03:52] [main/TRACE] [REI] [REIPlugin START] Reloading Section: "start-reload/EntryTypeRegistryImpl/" done in 79.67 μs
[06:03:52] [main/TRACE] [REI] [REIPlugin START] Reloading Section: "start-reload/EntrySettingsAdapterRegistryImpl/"
[06:03:52] [main/TRACE] [REI] [REIPlugin START] Reloading Section: "start-reload/EntrySettingsAdapterRegistryImpl/" done in 53.14 μs
[06:03:52] [main/TRACE] [REI] [REIPlugin START] Reloading Section: "start-reload/RecipeManagerContextImpl/"
[06:03:52] [main/TRACE] [REI] [REIPlugin START] Reloading Section: "start-reload/RecipeManagerContextImpl/" done in 35.41 μs
[06:03:52] [main/TRACE] [REI] [REIPlugin START] Reloading Section: "start-reload/ItemComparatorRegistryImpl/"
[06:03:52] [main/TRACE] [REI] [REIPlugin START] Reloading Section: "start-reload/ItemComparatorRegistryImpl/" done in 48.12 μs
[06:03:52] [main/TRACE] [REI] [REIPlugin START] Reloading Section: "start-reload/FluidComparatorRegistryImpl/"
[06:03:52] [main/TRACE] [REI] [REIPlugin START] Reloading Section: "start-reload/FluidComparatorRegistryImpl/" done in 32.06 μs
[06:03:52] [main/TRACE] [REI] [REIPlugin START] Reloading Section: "start-reload/DisplaySerializerRegistryImpl/"
[06:03:52] [main/TRACE] [REI] [REIPlugin START] Reloading Section: "start-reload/DisplaySerializerRegistryImpl/" done in 30.20 μs
[06:03:52] [main/TRACE] [REI] [REIPlugin START] Reloading Section: "start-reload/FluidSupportProviderImpl/"
[06:03:52] [main/TRACE] [REI] [REIPlugin START] Reloading Section: "start-reload/FluidSupportProviderImpl/" done in 41.65 μs
[06:03:52] [main/TRACE] [REI] [REIPlugin START] Reloading Section: "start-reload/" done in 1.092 ms
[06:03:52] [main/DEBUG] [REI] ========================================
[06:03:52] [main/DEBUG] [REI] REIPlugin started main-reload for START.
[06:03:52] [main/DEBUG] [REI] ========================================
[06:03:52] [main/TRACE] [REI] [REIPlugin START] Reloading Section: "reloadable-plugin/EntryTypeRegistryImpl/"
[06:03:52] [main/TRACE] [REI] [REIPlugin START] Reloading Section: "reloadable-plugin/EntryTypeRegistryImpl/DefaultPluginImpl of DefaultPluginImpl [roughlyenoughitems]/"
[06:03:52] [main/TRACE] [REI] [REIPlugin START] Reloading Section: "reloadable-plugin/EntryTypeRegistryImpl/DefaultPluginImpl of DefaultPluginImpl [roughlyenoughitems]/" done in 260.0 μs
[06:03:52] [main/TRACE] [REI] [REIPlugin START] Reloading Section: "reloadable-plugin/EntryTypeRegistryImpl/DefaultRuntimePlugin of DefaultRuntimePlugin [roughlyenoughitems]/"
[06:03:52] [main/TRACE] [REI] [REIPlugin START] Reloading Section: "reloadable-plugin/EntryTypeRegistryImpl/DefaultRuntimePlugin of DefaultRuntimePlugin [roughlyenoughitems]/" done in 7.558 ms
[06:03:52] [main/TRACE] [REI] [REIPlugin START] Reloading Section: "reloadable-plugin/EntryTypeRegistryImpl/AetherREIServerPlugin of AetherREIServerPlugin [aether]/"
[06:03:52] [main/TRACE] [REI] [REIPlugin START] Reloading Section: "reloadable-plugin/EntryTypeRegistryImpl/AetherREIServerPlugin of AetherREIServerPlugin [aether]/" done in 61.42 μs
[06:03:52] [main/TRACE] [REI] [REIPlugin START] Reloading Section: "reloadable-plugin/EntryTypeRegistryImpl/" done in 8.915 ms
[06:03:52] [main/TRACE] [REI] [REIPlugin START] Reloading Section: "reloadable-plugin/EntrySettingsAdapterRegistryImpl/"
[06:03:52] [main/TRACE] [REI] [REIPlugin START] Reloading Section: "reloadable-plugin/EntrySettingsAdapterRegistryImpl/DefaultPluginImpl of DefaultPluginImpl [roughlyenoughitems]/"
[06:03:52] [main/TRACE] [REI] [REIPlugin START] Reloading Section: "reloadable-plugin/EntrySettingsAdapterRegistryImpl/DefaultPluginImpl of DefaultPluginImpl [roughlyenoughitems]/" done in 55.00 μs
[06:03:52] [main/TRACE] [REI] [REIPlugin START] Reloading Section: "reloadable-plugin/EntrySettingsAdapterRegistryImpl/DefaultRuntimePlugin of DefaultRuntimePlugin [roughlyenoughitems]/"
[06:03:52] [main/TRACE] [REI] [REIPlugin START] Reloading Section: "reloadable-plugin/EntrySettingsAdapterRegistryImpl/DefaultRuntimePlugin of DefaultRuntimePlugin [roughlyenoughitems]/" done in 48.99 μs
[06:03:52] [main/TRACE] [REI] [REIPlugin START] Reloading Section: "reloadable-plugin/EntrySettingsAdapterRegistryImpl/AetherREIServerPlugin of AetherREIServerPlugin [aether]/"
[06:03:52] [main/TRACE] [REI] [REIPlugin START] Reloading Section: "reloadable-plugin/EntrySettingsAdapterRegistryImpl/AetherREIServerPlugin of AetherREIServerPlugin [aether]/" done in 57.99 μs
[06:03:52] [main/TRACE] [REI] [REIPlugin START] Reloading Section: "reloadable-plugin/EntrySettingsAdapterRegistryImpl/" done in 621.0 μs
[06:03:52] [main/TRACE] [REI] [REIPlugin START] Reloading Section: "reloadable-plugin/RecipeManagerContextImpl/"
[06:03:52] [main/TRACE] [REI] [REIPlugin START] Reloading Section: "reloadable-plugin/RecipeManagerContextImpl/DefaultPluginImpl of DefaultPluginImpl [roughlyenoughitems]/"
[06:03:52] [main/TRACE] [REI] [REIPlugin START] Reloading Section: "reloadable-plugin/RecipeManagerContextImpl/DefaultPluginImpl of DefaultPluginImpl [roughlyenoughitems]/" done in 63.23 μs
[06:03:52] [main/TRACE] [REI] [REIPlugin START] Reloading Section: "reloadable-plugin/RecipeManagerContextImpl/DefaultRuntimePlugin of DefaultRuntimePlugin [roughlyenoughitems]/"
[06:03:52] [main/TRACE] [REI] [REIPlugin START] Reloading Section: "reloadable-plugin/RecipeManagerContextImpl/DefaultRuntimePlugin of DefaultRuntimePlugin [roughlyenoughitems]/" done in 54.71 μs
[06:03:52] [main/TRACE] [REI] [REIPlugin START] Reloading Section: "reloadable-plugin/RecipeManagerContextImpl/AetherREIServerPlugin of AetherREIServerPlugin [aether]/"
[06:03:52] [main/TRACE] [REI] [REIPlugin START] Reloading Section: "reloadable-plugin/RecipeManagerContextImpl/AetherREIServerPlugin of AetherREIServerPlugin [aether]/" done in 52.24 μs
[06:03:52] [main/TRACE] [REI] [REIPlugin START] Reloading Section: "reloadable-plugin/RecipeManagerContextImpl/" done in 599.3 μs
[06:03:52] [main/TRACE] [REI] [REIPlugin START] Reloading Section: "reloadable-plugin/ItemComparatorRegistryImpl/"
[06:03:52] [main/TRACE] [REI] [REIPlugin START] Reloading Section: "reloadable-plugin/ItemComparatorRegistryImpl/DefaultPluginImpl of DefaultPluginImpl [roughlyenoughitems]/"
[06:03:52] [main/TRACE] [REI] [REIPlugin START] Reloading Section: "reloadable-plugin/ItemComparatorRegistryImpl/DefaultPluginImpl of DefaultPluginImpl [roughlyenoughitems]/" done in 929.7 μs
[06:03:52] [main/TRACE] [REI] [REIPlugin START] Reloading Section: "reloadable-plugin/ItemComparatorRegistryImpl/DefaultRuntimePlugin of DefaultRuntimePlugin [roughlyenoughitems]/"
[06:03:52] [main/TRACE] [REI] [REIPlugin START] Reloading Section: "reloadable-plugin/ItemComparatorRegistryImpl/DefaultRuntimePlugin of DefaultRuntimePlugin [roughlyenoughitems]/" done in 57.18 μs
[06:03:52] [main/TRACE] [REI] [REIPlugin START] Reloading Section: "reloadable-plugin/ItemComparatorRegistryImpl/AetherREIServerPlugin of AetherREIServerPlugin [aether]/"
[06:03:52] [main/TRACE] [REI] [REIPlugin START] Reloading Section: "reloadable-plugin/ItemComparatorRegistryImpl/AetherREIServerPlugin of AetherREIServerPlugin [aether]/" done in 65.17 μs
[06:03:52] [main/TRACE] [REI] [REIPlugin START] Reloading Section: "reloadable-plugin/ItemComparatorRegistryImpl/" done in 1.443 ms
[06:03:52] [main/TRACE] [REI] [REIPlugin START] Reloading Section: "reloadable-plugin/FluidComparatorRegistryImpl/"
[06:03:52] [main/TRACE] [REI] [REIPlugin START] Reloading Section: "reloadable-plugin/FluidComparatorRegistryImpl/DefaultPluginImpl of DefaultPluginImpl [roughlyenoughitems]/"
[06:03:52] [main/TRACE] [REI] [REIPlugin START] Reloading Section: "reloadable-plugin/FluidComparatorRegistryImpl/DefaultPluginImpl of DefaultPluginImpl [roughlyenoughitems]/" done in 59.68 μs
[06:03:52] [main/TRACE] [REI] [REIPlugin START] Reloading Section: "reloadable-plugin/FluidComparatorRegistryImpl/DefaultRuntimePlugin of DefaultRuntimePlugin [roughlyenoughitems]/"
[06:03:52] [main/TRACE] [REI] [REIPlugin START] Reloading Section: "reloadable-plugin/FluidComparatorRegistryImpl/DefaultRuntimePlugin of DefaultRuntimePlugin [roughlyenoughitems]/" done in 53.82 μs
[06:03:52] [main/TRACE] [REI] [REIPlugin START] Reloading Section: "reloadable-plugin/FluidComparatorRegistryImpl/AetherREIServerPlugin of AetherREIServerPlugin [aether]/"
[06:03:52] [main/TRACE] [REI] [REIPlugin START] Reloading Section: "reloadable-plugin/FluidComparatorRegistryImpl/AetherREIServerPlugin of AetherREIServerPlugin [aether]/" done in 55.39 μs
[06:03:52] [main/TRACE] [REI] [REIPlugin START] Reloading Section: "reloadable-plugin/FluidComparatorRegistryImpl/" done in 566.9 μs
[06:03:52] [main/TRACE] [REI] [REIPlugin START] Reloading Section: "reloadable-plugin/DisplaySerializerRegistryImpl/"
[06:03:52] [main/TRACE] [REI] [REIPlugin START] Reloading Section: "reloadable-plugin/DisplaySerializerRegistryImpl/DefaultPluginImpl of DefaultPluginImpl [roughlyenoughitems]/"
[06:03:52] [main/TRACE] [REI] [REIPlugin START] Reloading Section: "reloadable-plugin/DisplaySerializerRegistryImpl/DefaultPluginImpl of DefaultPluginImpl [roughlyenoughitems]/" done in 59.72 μs
[06:03:52] [main/TRACE] [REI] [REIPlugin START] Reloading Section: "reloadable-plugin/DisplaySerializerRegistryImpl/DefaultRuntimePlugin of DefaultRuntimePlugin [roughlyenoughitems]/"
[06:03:52] [main/TRACE] [REI] [REIPlugin START] Reloading Section: "reloadable-plugin/DisplaySerializerRegistryImpl/DefaultRuntimePlugin of DefaultRuntimePlugin [roughlyenoughitems]/" done in 50.07 μs
[06:03:52] [main/TRACE] [REI] [REIPlugin START] Reloading Section: "reloadable-plugin/DisplaySerializerRegistryImpl/AetherREIServerPlugin of AetherREIServerPlugin [aether]/"
[06:03:52] [main/TRACE] [REI] [REIPlugin START] Reloading Section: "reloadable-plugin/DisplaySerializerRegistryImpl/AetherREIServerPlugin of AetherREIServerPlugin [aether]/" done in 44.83 μs
[06:03:52] [main/TRACE] [REI] [REIPlugin START] Reloading Section: "reloadable-plugin/DisplaySerializerRegistryImpl/" done in 516.3 μs
[06:03:52] [main/TRACE] [REI] [REIPlugin START] Reloading Section: "reloadable-plugin/FluidSupportProviderImpl/"
[06:03:52] [main/TRACE] [REI] [REIPlugin START] Reloading Section: "reloadable-plugin/FluidSupportProviderImpl/DefaultPluginImpl of DefaultPluginImpl [roughlyenoughitems]/"
[06:03:52] [main/TRACE] [REI] [REIPlugin START] Reloading Section: "reloadable-plugin/FluidSupportProviderImpl/DefaultPluginImpl of DefaultPluginImpl [roughlyenoughitems]/" done in 532.3 μs
[06:03:52] [main/TRACE] [REI] [REIPlugin START] Reloading Section: "reloadable-plugin/FluidSupportProviderImpl/DefaultRuntimePlugin of DefaultRuntimePlugin [roughlyenoughitems]/"
[06:03:52] [main/TRACE] [REI] [REIPlugin START] Reloading Section: "reloadable-plugin/FluidSupportProviderImpl/DefaultRuntimePlugin of DefaultRuntimePlugin [roughlyenoughitems]/" done in 55.21 μs
[06:03:52] [main/TRACE] [REI] [REIPlugin START] Reloading Section: "reloadable-plugin/FluidSupportProviderImpl/AetherREIServerPlugin of AetherREIServerPlugin [aether]/"
[06:03:52] [main/TRACE] [REI] [REIPlugin START] Reloading Section: "reloadable-plugin/FluidSupportProviderImpl/AetherREIServerPlugin of AetherREIServerPlugin [aether]/" done in 51.56 μs
[06:03:52] [main/TRACE] [REI] [REIPlugin START] Reloading Section: "reloadable-plugin/FluidSupportProviderImpl/" done in 1.049 ms
[06:03:52] [main/DEBUG] [REI] ========================================
[06:03:52] [main/DEBUG] [REI] REIPlugin ending main-reload for START.
[06:03:52] [main/DEBUG] [REI] ========================================
[06:03:52] [main/TRACE] [REI] [REIPlugin START] Reloading Section: "end-reload/"
[06:03:52] [main/TRACE] [REI] [REIPlugin START] Reloading Section: "end-reload/EntryTypeRegistryImpl/"
[06:03:52] [main/TRACE] [REI] [REIPlugin START] Reloading Section: "end-reload/EntryTypeRegistryImpl/" done in 55.38 μs
[06:03:52] [main/TRACE] [REI] [REIPlugin START] Reloading Section: "end-reload/EntrySettingsAdapterRegistryImpl/"
[06:03:52] [main/TRACE] [REI] [REIPlugin START] Reloading Section: "end-reload/EntrySettingsAdapterRegistryImpl/" done in 47.75 μs
[06:03:52] [main/TRACE] [REI] [REIPlugin START] Reloading Section: "end-reload/RecipeManagerContextImpl/"
[06:03:52] [main/TRACE] [REI] [REIPlugin START] Reloading Section: "end-reload/RecipeManagerContextImpl/" done in 41.65 μs
[06:03:52] [main/TRACE] [REI] [REIPlugin START] Reloading Section: "end-reload/ItemComparatorRegistryImpl/"
[06:03:52] [main/TRACE] [REI] [REIPlugin START] Reloading Section: "end-reload/ItemComparatorRegistryImpl/" done in 42.60 μs
[06:03:52] [main/TRACE] [REI] [REIPlugin START] Reloading Section: "end-reload/FluidComparatorRegistryImpl/"
[06:03:52] [main/TRACE] [REI] [REIPlugin START] Reloading Section: "end-reload/FluidComparatorRegistryImpl/" done in 44.72 μs
[06:03:52] [main/TRACE] [REI] [REIPlugin START] Reloading Section: "end-reload/DisplaySerializerRegistryImpl/"
[06:03:52] [main/TRACE] [REI] [REIPlugin START] Reloading Section: "end-reload/DisplaySerializerRegistryImpl/" done in 52.76 μs
[06:03:52] [main/TRACE] [REI] [REIPlugin START] Reloading Section: "end-reload/FluidSupportProviderImpl/"
[06:03:52] [main/TRACE] [REI] [REIPlugin START] Reloading Section: "end-reload/FluidSupportProviderImpl/" done in 45.42 μs
[06:03:52] [main/TRACE] [REI] [REIPlugin START] Reloading Section: "end-reload/" done in 1.142 ms
[06:03:52] [main/DEBUG] [REI] ========================================
[06:03:52] [main/DEBUG] [REI] REIPlugin ended main-reload for START in 19.51 ms.
[06:03:52] [main/DEBUG] [REI] ========================================
[06:03:52] [main/INFO] [REI] ****************************************
[06:03:52] [main/INFO] [REI] REIServerPlugin starting main-reload for START.
[06:03:52] [main/DEBUG] [REI] Reloadables (2):
[06:03:52] [main/DEBUG] [REI]  - MenuInfoRegistryImpl
[06:03:52] [main/DEBUG] [REI]  - SlotAccessorRegistryImpl
[06:03:52] [main/INFO] [REI] Plugins (3):
[06:03:52] [main/INFO] [REI]  - (-100.00) DefaultPluginImpl of DefaultPluginImpl [roughlyenoughitems]
[06:03:52] [main/INFO] [REI]  - (0.00) AetherREIServerPlugin of AetherREIServerPlugin [aether]
[06:03:52] [main/INFO] [REI]  - (0.00) DefaultRuntimePlugin of DefaultRuntimePlugin [roughlyenoughitems]
[06:03:52] [main/INFO] [REI] ****************************************
[06:03:52] [main/TRACE] [REI] [REIServerPlugin START] Reloading Section: "start-reload/"
[06:03:52] [main/TRACE] [REI] [REIServerPlugin START] Reloading Section: "start-reload/MenuInfoRegistryImpl/"
[06:03:52] [main/TRACE] [REI] [REIServerPlugin START] Reloading Section: "start-reload/MenuInfoRegistryImpl/" done in 60.19 μs
[06:03:52] [main/TRACE] [REI] [REIServerPlugin START] Reloading Section: "start-reload/SlotAccessorRegistryImpl/"
[06:03:52] [main/TRACE] [REI] [REIServerPlugin START] Reloading Section: "start-reload/SlotAccessorRegistryImpl/" done in 42.97 μs
[06:03:52] [main/TRACE] [REI] [REIServerPlugin START] Reloading Section: "start-reload/" done in 341.6 μs
[06:03:52] [main/DEBUG] [REI] ========================================
[06:03:52] [main/DEBUG] [REI] REIServerPlugin started main-reload for START.
[06:03:52] [main/DEBUG] [REI] ========================================
[06:03:52] [main/TRACE] [REI] [REIServerPlugin START] Reloading Section: "reloadable-plugin/MenuInfoRegistryImpl/"
[06:03:52] [main/TRACE] [REI] [REIServerPlugin START] Reloading Section: "reloadable-plugin/MenuInfoRegistryImpl/DefaultPluginImpl of DefaultPluginImpl [roughlyenoughitems]/"
[06:03:52] [main/TRACE] [REI] [REIServerPlugin START] Reloading Section: "reloadable-plugin/MenuInfoRegistryImpl/DefaultPluginImpl of DefaultPluginImpl [roughlyenoughitems]/" done in 48.48 μs
[06:03:52] [main/TRACE] [REI] [REIServerPlugin START] Reloading Section: "reloadable-plugin/MenuInfoRegistryImpl/AetherREIServerPlugin of AetherREIServerPlugin [aether]/"
[06:03:52] [main/TRACE] [REI] [REIServerPlugin START] Reloading Section: "reloadable-plugin/MenuInfoRegistryImpl/AetherREIServerPlugin of AetherREIServerPlugin [aether]/" done in 1.001 ms
[06:03:52] [main/TRACE] [REI] [REIServerPlugin START] Reloading Section: "reloadable-plugin/MenuInfoRegistryImpl/DefaultRuntimePlugin of DefaultRuntimePlugin [roughlyenoughitems]/"
[06:03:52] [main/TRACE] [REI] [REIServerPlugin START] Reloading Section: "reloadable-plugin/MenuInfoRegistryImpl/DefaultRuntimePlugin of DefaultRuntimePlugin [roughlyenoughitems]/" done in 48.27 μs
[06:03:52] [main/TRACE] [REI] [REIServerPlugin START] Reloading Section: "reloadable-plugin/MenuInfoRegistryImpl/" done in 1.485 ms
[06:03:52] [main/TRACE] [REI] [REIServerPlugin START] Reloading Section: "reloadable-plugin/SlotAccessorRegistryImpl/"
[06:03:52] [main/TRACE] [REI] [REIServerPlugin START] Reloading Section: "reloadable-plugin/SlotAccessorRegistryImpl/DefaultPluginImpl of DefaultPluginImpl [roughlyenoughitems]/"
[06:03:52] [main/TRACE] [REI] [REIServerPlugin START] Reloading Section: "reloadable-plugin/SlotAccessorRegistryImpl/DefaultPluginImpl of DefaultPluginImpl [roughlyenoughitems]/" done in 45.15 μs
[06:03:52] [main/TRACE] [REI] [REIServerPlugin START] Reloading Section: "reloadable-plugin/SlotAccessorRegistryImpl/AetherREIServerPlugin of AetherREIServerPlugin [aether]/"
[06:03:52] [main/TRACE] [REI] [REIServerPlugin START] Reloading Section: "reloadable-plugin/SlotAccessorRegistryImpl/AetherREIServerPlugin of AetherREIServerPlugin [aether]/" done in 46.22 μs
[06:03:52] [main/TRACE] [REI] [REIServerPlugin START] Reloading Section: "reloadable-plugin/SlotAccessorRegistryImpl/DefaultRuntimePlugin of DefaultRuntimePlugin [roughlyenoughitems]/"
[06:03:52] [main/TRACE] [REI] [REIServerPlugin START] Reloading Section: "reloadable-plugin/SlotAccessorRegistryImpl/DefaultRuntimePlugin of DefaultRuntimePlugin [roughlyenoughitems]/" done in 47.70 μs
[06:03:52] [main/TRACE] [REI] [REIServerPlugin START] Reloading Section: "reloadable-plugin/SlotAccessorRegistryImpl/" done in 518.7 μs
[06:03:52] [main/DEBUG] [REI] ========================================
[06:03:52] [main/DEBUG] [REI] REIServerPlugin ending main-reload for START.
[06:03:52] [main/DEBUG] [REI] ========================================
[06:03:52] [main/TRACE] [REI] [REIServerPlugin START] Reloading Section: "end-reload/"
[06:03:52] [main/TRACE] [REI] [REIServerPlugin START] Reloading Section: "end-reload/MenuInfoRegistryImpl/"
[06:03:52] [main/TRACE] [REI] [REIServerPlugin START] Reloading Section: "end-reload/MenuInfoRegistryImpl/" done in 38.85 μs
[06:03:52] [main/TRACE] [REI] [REIServerPlugin START] Reloading Section: "end-reload/SlotAccessorRegistryImpl/"
[06:03:52] [main/TRACE] [REI] [REIServerPlugin START] Reloading Section: "end-reload/SlotAccessorRegistryImpl/" done in 28.87 μs
[06:03:52] [main/TRACE] [REI] [REIServerPlugin START] Reloading Section: "end-reload/" done in 303.7 μs
[06:03:52] [main/DEBUG] [REI] ========================================
[06:03:52] [main/DEBUG] [REI] REIServerPlugin ended main-reload for START in 5.040 ms.
[06:03:52] [main/DEBUG] [REI] ========================================
[06:03:52] [main/DEBUG] [REI] ========================================
[06:03:52] [main/DEBUG] [REI] REIPlugin starting post-reload for START.
[06:03:52] [main/DEBUG] [REI] Reloadables (7):
[06:03:52] [main/DEBUG] [REI]  - EntryTypeRegistryImpl
[06:03:52] [main/DEBUG] [REI]  - EntrySettingsAdapterRegistryImpl
[06:03:52] [main/DEBUG] [REI]  - RecipeManagerContextImpl
[06:03:52] [main/DEBUG] [REI]  - ItemComparatorRegistryImpl
[06:03:52] [main/DEBUG] [REI]  - FluidComparatorRegistryImpl
[06:03:52] [main/DEBUG] [REI]  - DisplaySerializerRegistryImpl
[06:03:52] [main/DEBUG] [REI]  - FluidSupportProviderImpl
[06:03:52] [main/DEBUG] [REI] Plugins (3):
[06:03:52] [main/DEBUG] [REI]  - (-100.00) DefaultPluginImpl of DefaultPluginImpl [roughlyenoughitems]
[06:03:52] [main/DEBUG] [REI]  - (0.00) DefaultRuntimePlugin of DefaultRuntimePlugin [roughlyenoughitems]
[06:03:52] [main/DEBUG] [REI]  - (0.00) AetherREIServerPlugin of AetherREIServerPlugin [aether]
[06:03:52] [main/DEBUG] [REI] ========================================
[06:03:52] [main/TRACE] [REI] [REIPlugin START] Reloading Section: "post-register/"
[06:03:52] [main/TRACE] [REI] [REIPlugin START] Reloading Section: "post-register/DefaultPluginImpl of DefaultPluginImpl [roughlyenoughitems]/"
[06:03:52] [main/TRACE] [REI] [REIPlugin START] Reloading Section: "post-register/DefaultPluginImpl of DefaultPluginImpl [roughlyenoughitems]/" done in 173.6 μs
[06:03:52] [main/TRACE] [REI] [REIPlugin START] Reloading Section: "post-register/DefaultRuntimePlugin of DefaultRuntimePlugin [roughlyenoughitems]/"
[06:03:52] [main/TRACE] [REI] [REIPlugin START] Reloading Section: "post-register/DefaultRuntimePlugin of DefaultRuntimePlugin [roughlyenoughitems]/" done in 30.43 μs
[06:03:52] [main/TRACE] [REI] [REIPlugin START] Reloading Section: "post-register/AetherREIServerPlugin of AetherREIServerPlugin [aether]/"
[06:03:52] [main/TRACE] [REI] [REIPlugin START] Reloading Section: "post-register/AetherREIServerPlugin of AetherREIServerPlugin [aether]/" done in 31.32 μs
[06:03:52] [main/TRACE] [REI] [REIPlugin START] Reloading Section: "post-register/" done in 707.0 μs
[06:03:52] [main/TRACE] [REI] [REIPlugin START] Reloading Section: "post-stage/"
[06:03:52] [main/TRACE] [REI] [REIPlugin START] Reloading Section: "post-stage/EntryTypeRegistryImpl/"
[06:03:52] [main/TRACE] [REI] [REIPlugin START] Reloading Section: "post-stage/EntryTypeRegistryImpl/" done in 35.37 μs
[06:03:52] [main/TRACE] [REI] [REIPlugin START] Reloading Section: "post-stage/EntrySettingsAdapterRegistryImpl/"
[06:03:52] [main/TRACE] [REI] [REIPlugin START] Reloading Section: "post-stage/EntrySettingsAdapterRegistryImpl/" done in 41.14 μs
[06:03:52] [main/TRACE] [REI] [REIPlugin START] Reloading Section: "post-stage/RecipeManagerContextImpl/"
[06:03:52] [main/TRACE] [REI] [REIPlugin START] Reloading Section: "post-stage/RecipeManagerContextImpl/" done in 44.41 μs
[06:03:52] [main/TRACE] [REI] [REIPlugin START] Reloading Section: "post-stage/ItemComparatorRegistryImpl/"
[06:03:52] [main/TRACE] [REI] [REIPlugin START] Reloading Section: "post-stage/ItemComparatorRegistryImpl/" done in 40.52 μs
[06:03:52] [main/TRACE] [REI] [REIPlugin START] Reloading Section: "post-stage/FluidComparatorRegistryImpl/"
[06:03:52] [main/TRACE] [REI] [REIPlugin START] Reloading Section: "post-stage/FluidComparatorRegistryImpl/" done in 41.47 μs
[06:03:52] [main/TRACE] [REI] [REIPlugin START] Reloading Section: "post-stage/DisplaySerializerRegistryImpl/"
[06:03:52] [main/TRACE] [REI] [REIPlugin START] Reloading Section: "post-stage/DisplaySerializerRegistryImpl/" done in 37.04 μs
[06:03:52] [main/TRACE] [REI] [REIPlugin START] Reloading Section: "post-stage/FluidSupportProviderImpl/"
[06:03:52] [main/TRACE] [REI] [REIPlugin START] Reloading Section: "post-stage/FluidSupportProviderImpl/" done in 45.95 μs
[06:03:52] [main/TRACE] [REI] [REIPlugin START] Reloading Section: "post-stage/" done in 978.3 μs
[06:03:52] [main/DEBUG] [REI] ========================================
[06:03:52] [main/INFO] [REI] REIPlugin finished post-reload for START in 1.832 ms, totaling 32.28 ms.
[06:03:52] [main/DEBUG] [REI] ========================================
[06:03:52] [main/DEBUG] [REI] ========================================
[06:03:52] [main/DEBUG] [REI] REIServerPlugin starting post-reload for START.
[06:03:52] [main/DEBUG] [REI] Reloadables (2):
[06:03:52] [main/DEBUG] [REI]  - MenuInfoRegistryImpl
[06:03:52] [main/DEBUG] [REI]  - SlotAccessorRegistryImpl
[06:03:52] [main/DEBUG] [REI] Plugins (3):
[06:03:52] [main/DEBUG] [REI]  - (-100.00) DefaultPluginImpl of DefaultPluginImpl [roughlyenoughitems]
[06:03:52] [main/DEBUG] [REI]  - (0.00) AetherREIServerPlugin of AetherREIServerPlugin [aether]
[06:03:52] [main/DEBUG] [REI]  - (0.00) DefaultRuntimePlugin of DefaultRuntimePlugin [roughlyenoughitems]
[06:03:52] [main/DEBUG] [REI] ========================================
[06:03:52] [main/TRACE] [REI] [REIServerPlugin START] Reloading Section: "post-register/"
[06:03:52] [main/TRACE] [REI] [REIServerPlugin START] Reloading Section: "post-register/DefaultPluginImpl of DefaultPluginImpl [roughlyenoughitems]/"
[06:03:52] [main/TRACE] [REI] [REIServerPlugin START] Reloading Section: "post-register/DefaultPluginImpl of DefaultPluginImpl [roughlyenoughitems]/" done in 43.41 μs
[06:03:52] [main/TRACE] [REI] [REIServerPlugin START] Reloading Section: "post-register/AetherREIServerPlugin of AetherREIServerPlugin [aether]/"
[06:03:52] [main/TRACE] [REI] [REIServerPlugin START] Reloading Section: "post-register/AetherREIServerPlugin of AetherREIServerPlugin [aether]/" done in 46.39 μs
[06:03:52] [main/TRACE] [REI] [REIServerPlugin START] Reloading Section: "post-register/DefaultRuntimePlugin of DefaultRuntimePlugin [roughlyenoughitems]/"
[06:03:52] [main/TRACE] [REI] [REIServerPlugin START] Reloading Section: "post-register/DefaultRuntimePlugin of DefaultRuntimePlugin [roughlyenoughitems]/" done in 41.66 μs
[06:03:52] [main/TRACE] [REI] [REIServerPlugin START] Reloading Section: "post-register/" done in 457.5 μs
[06:03:52] [main/TRACE] [REI] [REIServerPlugin START] Reloading Section: "post-stage/"
[06:03:52] [main/TRACE] [REI] [REIServerPlugin START] Reloading Section: "post-stage/MenuInfoRegistryImpl/"
[06:03:52] [main/TRACE] [REI] [REIServerPlugin START] Reloading Section: "post-stage/MenuInfoRegistryImpl/" done in 39.37 μs
[06:03:52] [main/TRACE] [REI] [REIServerPlugin START] Reloading Section: "post-stage/SlotAccessorRegistryImpl/"
[06:03:52] [main/TRACE] [REI] [REIServerPlugin START] Reloading Section: "post-stage/SlotAccessorRegistryImpl/" done in 38.34 μs
[06:03:52] [main/TRACE] [REI] [REIServerPlugin START] Reloading Section: "post-stage/" done in 281.6 μs
[06:03:52] [main/DEBUG] [REI] ========================================
[06:03:52] [main/INFO] [REI] REIServerPlugin finished post-reload for START in 917.7 μs, totaling 7.074 ms.
[06:03:52] [main/DEBUG] [REI] ========================================
[06:03:52] [main/DEBUG] [REI] ========================================
[06:03:52] [main/DEBUG] [REI] REIPlugin starting pre-reload for END.
[06:03:52] [main/DEBUG] [REI] Reloadables (7):
[06:03:52] [main/DEBUG] [REI]  - EntryTypeRegistryImpl
[06:03:52] [main/DEBUG] [REI]  - EntrySettingsAdapterRegistryImpl
[06:03:52] [main/DEBUG] [REI]  - RecipeManagerContextImpl
[06:03:52] [main/DEBUG] [REI]  - ItemComparatorRegistryImpl
[06:03:52] [main/DEBUG] [REI]  - FluidComparatorRegistryImpl
[06:03:52] [main/DEBUG] [REI]  - DisplaySerializerRegistryImpl
[06:03:52] [main/DEBUG] [REI]  - FluidSupportProviderImpl
[06:03:52] [main/DEBUG] [REI] Plugins (3):
[06:03:52] [main/DEBUG] [REI]  - (-100.00) DefaultPluginImpl of DefaultPluginImpl [roughlyenoughitems]
[06:03:52] [main/DEBUG] [REI]  - (0.00) DefaultRuntimePlugin of DefaultRuntimePlugin [roughlyenoughitems]
[06:03:52] [main/DEBUG] [REI]  - (0.00) AetherREIServerPlugin of AetherREIServerPlugin [aether]
[06:03:52] [main/DEBUG] [REI] ========================================
[06:03:52] [main/TRACE] [REI] [REIPlugin END] Reloading Section: "pre-register/"
[06:03:52] [main/TRACE] [REI] [REIPlugin END] Reloading Section: "pre-register/DefaultPluginImpl of DefaultPluginImpl [roughlyenoughitems]/"
[06:03:52] [main/TRACE] [REI] [REIPlugin END] Reloading Section: "pre-register/DefaultPluginImpl of DefaultPluginImpl [roughlyenoughitems]/" done in 36.53 μs
[06:03:52] [main/TRACE] [REI] [REIPlugin END] Reloading Section: "pre-register/DefaultRuntimePlugin of DefaultRuntimePlugin [roughlyenoughitems]/"
[06:03:52] [main/TRACE] [REI] [REIPlugin END] Reloading Section: "pre-register/DefaultRuntimePlugin of DefaultRuntimePlugin [roughlyenoughitems]/" done in 41.27 μs
[06:03:52] [main/TRACE] [REI] [REIPlugin END] Reloading Section: "pre-register/AetherREIServerPlugin of AetherREIServerPlugin [aether]/"
[06:03:52] [main/TRACE] [REI] [REIPlugin END] Reloading Section: "pre-register/AetherREIServerPlugin of AetherREIServerPlugin [aether]/" done in 40.76 μs
[06:03:52] [main/TRACE] [REI] [REIPlugin END] Reloading Section: "pre-register/" done in 417.7 μs
[06:03:52] [main/TRACE] [REI] [REIPlugin END] Reloading Section: "pre-stage/"
[06:03:52] [main/TRACE] [REI] [REIPlugin END] Reloading Section: "pre-stage/EntryTypeRegistryImpl/"
[06:03:52] [main/TRACE] [REI] [REIPlugin END] Reloading Section: "pre-stage/EntryTypeRegistryImpl/" done in 39.34 μs
[06:03:52] [main/TRACE] [REI] [REIPlugin END] Reloading Section: "pre-stage/EntrySettingsAdapterRegistryImpl/"
[06:03:52] [main/TRACE] [REI] [REIPlugin END] Reloading Section: "pre-stage/EntrySettingsAdapterRegistryImpl/" done in 39.57 μs
[06:03:52] [main/TRACE] [REI] [REIPlugin END] Reloading Section: "pre-stage/RecipeManagerContextImpl/"
[06:03:52] [main/TRACE] [REI] [REIPlugin END] Reloading Section: "pre-stage/RecipeManagerContextImpl/" done in 36.07 μs
[06:03:52] [main/TRACE] [REI] [REIPlugin END] Reloading Section: "pre-stage/ItemComparatorRegistryImpl/"
[06:03:52] [main/TRACE] [REI] [REIPlugin END] Reloading Section: "pre-stage/ItemComparatorRegistryImpl/" done in 45.24 μs
[06:03:52] [main/TRACE] [REI] [REIPlugin END] Reloading Section: "pre-stage/FluidComparatorRegistryImpl/"
[06:03:52] [main/TRACE] [REI] [REIPlugin END] Reloading Section: "pre-stage/FluidComparatorRegistryImpl/" done in 45.55 μs
[06:03:52] [main/TRACE] [REI] [REIPlugin END] Reloading Section: "pre-stage/DisplaySerializerRegistryImpl/"
[06:03:52] [main/TRACE] [REI] [REIPlugin END] Reloading Section: "pre-stage/DisplaySerializerRegistryImpl/" done in 34.13 μs
[06:03:52] [main/TRACE] [REI] [REIPlugin END] Reloading Section: "pre-stage/FluidSupportProviderImpl/"
[06:03:52] [main/TRACE] [REI] [REIPlugin END] Reloading Section: "pre-stage/FluidSupportProviderImpl/" done in 110.4 μs
[06:03:52] [main/TRACE] [REI] [REIPlugin END] Reloading Section: "pre-stage/" done in 2.651 ms
[06:03:52] [main/DEBUG] [REI] ========================================
[06:03:52] [main/DEBUG] [REI] REIPlugin finished pre-reload for END in 3.301 ms.
[06:03:52] [main/DEBUG] [REI] ========================================
[06:03:52] [main/DEBUG] [REI] ========================================
[06:03:52] [main/DEBUG] [REI] REIServerPlugin starting pre-reload for END.
[06:03:52] [main/DEBUG] [REI] Reloadables (2):
[06:03:52] [main/DEBUG] [REI]  - MenuInfoRegistryImpl
[06:03:52] [main/DEBUG] [REI]  - SlotAccessorRegistryImpl
[06:03:52] [main/DEBUG] [REI] Plugins (3):
[06:03:52] [main/DEBUG] [REI]  - (-100.00) DefaultPluginImpl of DefaultPluginImpl [roughlyenoughitems]
[06:03:52] [main/DEBUG] [REI]  - (0.00) AetherREIServerPlugin of AetherREIServerPlugin [aether]
[06:03:52] [main/DEBUG] [REI]  - (0.00) DefaultRuntimePlugin of DefaultRuntimePlugin [roughlyenoughitems]
[06:03:52] [main/DEBUG] [REI] ========================================
[06:03:52] [main/TRACE] [REI] [REIServerPlugin END] Reloading Section: "pre-register/"
[06:03:52] [main/TRACE] [REI] [REIServerPlugin END] Reloading Section: "pre-register/DefaultPluginImpl of DefaultPluginImpl [roughlyenoughitems]/"
[06:03:52] [main/TRACE] [REI] [REIServerPlugin END] Reloading Section: "pre-register/DefaultPluginImpl of DefaultPluginImpl [roughlyenoughitems]/" done in 29.31 μs
[06:03:52] [main/TRACE] [REI] [REIServerPlugin END] Reloading Section: "pre-register/AetherREIServerPlugin of AetherREIServerPlugin [aether]/"
[06:03:52] [main/TRACE] [REI] [REIServerPlugin END] Reloading Section: "pre-register/AetherREIServerPlugin of AetherREIServerPlugin [aether]/" done in 27.59 μs
[06:03:52] [main/TRACE] [REI] [REIServerPlugin END] Reloading Section: "pre-register/DefaultRuntimePlugin of DefaultRuntimePlugin [roughlyenoughitems]/"
[06:03:52] [main/TRACE] [REI] [REIServerPlugin END] Reloading Section: "pre-register/DefaultRuntimePlugin of DefaultRuntimePlugin [roughlyenoughitems]/" done in 36.39 μs
[06:03:52] [main/TRACE] [REI] [REIServerPlugin END] Reloading Section: "pre-register/" done in 337.5 μs
[06:03:52] [main/TRACE] [REI] [REIServerPlugin END] Reloading Section: "pre-stage/"
[06:03:52] [main/TRACE] [REI] [REIServerPlugin END] Reloading Section: "pre-stage/MenuInfoRegistryImpl/"
[06:03:52] [main/TRACE] [REI] [REIServerPlugin END] Reloading Section: "pre-stage/MenuInfoRegistryImpl/" done in 25.08 μs
[06:03:52] [main/TRACE] [REI] [REIServerPlugin END] Reloading Section: "pre-stage/SlotAccessorRegistryImpl/"
[06:03:52] [main/TRACE] [REI] [REIServerPlugin END] Reloading Section: "pre-stage/SlotAccessorRegistryImpl/" done in 25.05 μs
[06:03:52] [main/TRACE] [REI] [REIServerPlugin END] Reloading Section: "pre-stage/" done in 184.6 μs
[06:03:52] [main/DEBUG] [REI] ========================================
[06:03:52] [main/DEBUG] [REI] REIServerPlugin finished pre-reload for END in 637.0 μs.
[06:03:52] [main/DEBUG] [REI] ========================================
[06:03:52] [main/INFO] [REI] OOOOOOOOOOOOOOOOOOOOOOOOOOOOOOOOOOOOOOOO
[06:03:52] [main/INFO] [REI] REIPlugin starting main-reload for END.
[06:03:52] [main/DEBUG] [REI] Reloadables (7):
[06:03:52] [main/DEBUG] [REI]  - EntryTypeRegistryImpl
[06:03:52] [main/DEBUG] [REI]  - EntrySettingsAdapterRegistryImpl
[06:03:52] [main/DEBUG] [REI]  - RecipeManagerContextImpl
[06:03:52] [main/DEBUG] [REI]  - ItemComparatorRegistryImpl
[06:03:52] [main/DEBUG] [REI]  - FluidComparatorRegistryImpl
[06:03:52] [main/DEBUG] [REI]  - DisplaySerializerRegistryImpl
[06:03:52] [main/DEBUG] [REI]  - FluidSupportProviderImpl
[06:03:52] [main/INFO] [REI] Plugins (3):
[06:03:52] [main/INFO] [REI]  - (-100.00) DefaultPluginImpl of DefaultPluginImpl [roughlyenoughitems]
[06:03:52] [main/INFO] [REI]  - (0.00) DefaultRuntimePlugin of DefaultRuntimePlugin [roughlyenoughitems]
[06:03:52] [main/INFO] [REI]  - (0.00) AetherREIServerPlugin of AetherREIServerPlugin [aether]
[06:03:52] [main/INFO] [REI] OOOOOOOOOOOOOOOOOOOOOOOOOOOOOOOOOOOOOOOO
[06:03:52] [main/TRACE] [REI] [REIPlugin END] Reloading Section: "start-reload/"
[06:03:52] [main/TRACE] [REI] [REIPlugin END] Reloading Section: "start-reload/EntryTypeRegistryImpl/"
[06:03:52] [main/TRACE] [REI] [REIPlugin END] Reloading Section: "start-reload/EntryTypeRegistryImpl/" done in 33.78 μs
[06:03:52] [main/TRACE] [REI] [REIPlugin END] Reloading Section: "start-reload/EntrySettingsAdapterRegistryImpl/"
[06:03:52] [main/TRACE] [REI] [REIPlugin END] Reloading Section: "start-reload/EntrySettingsAdapterRegistryImpl/" done in 66.19 μs
[06:03:52] [main/TRACE] [REI] [REIPlugin END] Reloading Section: "start-reload/RecipeManagerContextImpl/"
[06:03:52] [main/TRACE] [REI] [REIPlugin END] Reloading Section: "start-reload/RecipeManagerContextImpl/" done in 47.98 μs
[06:03:52] [main/TRACE] [REI] [REIPlugin END] Reloading Section: "start-reload/ItemComparatorRegistryImpl/"
[06:03:52] [main/TRACE] [REI] [REIPlugin END] Reloading Section: "start-reload/ItemComparatorRegistryImpl/" done in 35.79 μs
[06:03:52] [main/TRACE] [REI] [REIPlugin END] Reloading Section: "start-reload/FluidComparatorRegistryImpl/"
[06:03:52] [main/TRACE] [REI] [REIPlugin END] Reloading Section: "start-reload/FluidComparatorRegistryImpl/" done in 39.40 μs
[06:03:52] [main/TRACE] [REI] [REIPlugin END] Reloading Section: "start-reload/DisplaySerializerRegistryImpl/"
[06:03:52] [main/TRACE] [REI] [REIPlugin END] Reloading Section: "start-reload/DisplaySerializerRegistryImpl/" done in 49.55 μs
[06:03:52] [main/TRACE] [REI] [REIPlugin END] Reloading Section: "start-reload/FluidSupportProviderImpl/"
[06:03:52] [main/TRACE] [REI] [REIPlugin END] Reloading Section: "start-reload/FluidSupportProviderImpl/" done in 36.53 μs
[06:03:52] [main/TRACE] [REI] [REIPlugin END] Reloading Section: "start-reload/" done in 999.6 μs
[06:03:52] [main/DEBUG] [REI] ========================================
[06:03:52] [main/DEBUG] [REI] REIPlugin started main-reload for END.
[06:03:52] [main/DEBUG] [REI] ========================================
[06:03:52] [main/TRACE] [REI] [REIPlugin END] Reloading Section: "reloadable-plugin/EntryTypeRegistryImpl/"
[06:03:52] [main/TRACE] [REI] [REIPlugin END] Reloading Section: "reloadable-plugin/EntryTypeRegistryImpl/DefaultPluginImpl of DefaultPluginImpl [roughlyenoughitems]/"
[06:03:52] [main/TRACE] [REI] [REIPlugin END] Reloading Section: "reloadable-plugin/EntryTypeRegistryImpl/DefaultPluginImpl of DefaultPluginImpl [roughlyenoughitems]/" done in 66.62 μs
[06:03:52] [main/TRACE] [REI] [REIPlugin END] Reloading Section: "reloadable-plugin/EntryTypeRegistryImpl/DefaultRuntimePlugin of DefaultRuntimePlugin [roughlyenoughitems]/"
[06:03:52] [main/TRACE] [REI] [REIPlugin END] Reloading Section: "reloadable-plugin/EntryTypeRegistryImpl/DefaultRuntimePlugin of DefaultRuntimePlugin [roughlyenoughitems]/" done in 70.30 μs
[06:03:52] [main/TRACE] [REI] [REIPlugin END] Reloading Section: "reloadable-plugin/EntryTypeRegistryImpl/AetherREIServerPlugin of AetherREIServerPlugin [aether]/"
[06:03:52] [main/TRACE] [REI] [REIPlugin END] Reloading Section: "reloadable-plugin/EntryTypeRegistryImpl/AetherREIServerPlugin of AetherREIServerPlugin [aether]/" done in 69.54 μs
[06:03:52] [main/TRACE] [REI] [REIPlugin END] Reloading Section: "reloadable-plugin/EntryTypeRegistryImpl/" done in 831.2 μs
[06:03:52] [main/TRACE] [REI] [REIPlugin END] Reloading Section: "reloadable-plugin/EntrySettingsAdapterRegistryImpl/"
[06:03:52] [main/TRACE] [REI] [REIPlugin END] Reloading Section: "reloadable-plugin/EntrySettingsAdapterRegistryImpl/DefaultPluginImpl of DefaultPluginImpl [roughlyenoughitems]/"
[06:03:52] [main/TRACE] [REI] [REIPlugin END] Reloading Section: "reloadable-plugin/EntrySettingsAdapterRegistryImpl/DefaultPluginImpl of DefaultPluginImpl [roughlyenoughitems]/" done in 142.4 μs
[06:03:52] [main/TRACE] [REI] [REIPlugin END] Reloading Section: "reloadable-plugin/EntrySettingsAdapterRegistryImpl/DefaultRuntimePlugin of DefaultRuntimePlugin [roughlyenoughitems]/"
[06:03:52] [main/TRACE] [REI] [REIPlugin END] Reloading Section: "reloadable-plugin/EntrySettingsAdapterRegistryImpl/DefaultRuntimePlugin of DefaultRuntimePlugin [roughlyenoughitems]/" done in 105.4 μs
[06:03:52] [main/TRACE] [REI] [REIPlugin END] Reloading Section: "reloadable-plugin/EntrySettingsAdapterRegistryImpl/AetherREIServerPlugin of AetherREIServerPlugin [aether]/"
[06:03:52] [main/TRACE] [REI] [REIPlugin END] Reloading Section: "reloadable-plugin/EntrySettingsAdapterRegistryImpl/AetherREIServerPlugin of AetherREIServerPlugin [aether]/" done in 127.6 μs
[06:03:52] [main/TRACE] [REI] [REIPlugin END] Reloading Section: "reloadable-plugin/EntrySettingsAdapterRegistryImpl/" done in 812.3 μs
[06:03:52] [main/TRACE] [REI] [REIPlugin END] Reloading Section: "reloadable-plugin/RecipeManagerContextImpl/"
[06:03:52] [main/TRACE] [REI] [REIPlugin END] Reloading Section: "reloadable-plugin/RecipeManagerContextImpl/DefaultPluginImpl of DefaultPluginImpl [roughlyenoughitems]/"
[06:03:52] [main/TRACE] [REI] [REIPlugin END] Reloading Section: "reloadable-plugin/RecipeManagerContextImpl/DefaultPluginImpl of DefaultPluginImpl [roughlyenoughitems]/" done in 119.7 μs
[06:03:52] [main/TRACE] [REI] [REIPlugin END] Reloading Section: "reloadable-plugin/RecipeManagerContextImpl/DefaultRuntimePlugin of DefaultRuntimePlugin [roughlyenoughitems]/"
[06:03:52] [main/TRACE] [REI] [REIPlugin END] Reloading Section: "reloadable-plugin/RecipeManagerContextImpl/DefaultRuntimePlugin of DefaultRuntimePlugin [roughlyenoughitems]/" done in 120.8 μs
[06:03:52] [main/TRACE] [REI] [REIPlugin END] Reloading Section: "reloadable-plugin/RecipeManagerContextImpl/AetherREIServerPlugin of AetherREIServerPlugin [aether]/"
[06:03:52] [main/TRACE] [REI] [REIPlugin END] Reloading Section: "reloadable-plugin/RecipeManagerContextImpl/AetherREIServerPlugin of AetherREIServerPlugin [aether]/" done in 130.1 μs
[06:03:52] [main/TRACE] [REI] [REIPlugin END] Reloading Section: "reloadable-plugin/RecipeManagerContextImpl/" done in 852.3 μs
[06:03:52] [main/TRACE] [REI] [REIPlugin END] Reloading Section: "reloadable-plugin/ItemComparatorRegistryImpl/"
[06:03:52] [main/TRACE] [REI] [REIPlugin END] Reloading Section: "reloadable-plugin/ItemComparatorRegistryImpl/DefaultPluginImpl of DefaultPluginImpl [roughlyenoughitems]/"
[06:03:52] [main/TRACE] [REI] [REIPlugin END] Reloading Section: "reloadable-plugin/ItemComparatorRegistryImpl/DefaultPluginImpl of DefaultPluginImpl [roughlyenoughitems]/" done in 53.79 μs
[06:03:52] [main/TRACE] [REI] [REIPlugin END] Reloading Section: "reloadable-plugin/ItemComparatorRegistryImpl/DefaultRuntimePlugin of DefaultRuntimePlugin [roughlyenoughitems]/"
[06:03:52] [main/TRACE] [REI] [REIPlugin END] Reloading Section: "reloadable-plugin/ItemComparatorRegistryImpl/DefaultRuntimePlugin of DefaultRuntimePlugin [roughlyenoughitems]/" done in 58.34 μs
[06:03:52] [main/TRACE] [REI] [REIPlugin END] Reloading Section: "reloadable-plugin/ItemComparatorRegistryImpl/AetherREIServerPlugin of AetherREIServerPlugin [aether]/"
[06:03:52] [main/TRACE] [REI] [REIPlugin END] Reloading Section: "reloadable-plugin/ItemComparatorRegistryImpl/AetherREIServerPlugin of AetherREIServerPlugin [aether]/" done in 176.8 μs
[06:03:52] [main/TRACE] [REI] [REIPlugin END] Reloading Section: "reloadable-plugin/ItemComparatorRegistryImpl/" done in 874.2 μs
[06:03:52] [main/TRACE] [REI] [REIPlugin END] Reloading Section: "reloadable-plugin/FluidComparatorRegistryImpl/"
[06:03:52] [main/TRACE] [REI] [REIPlugin END] Reloading Section: "reloadable-plugin/FluidComparatorRegistryImpl/DefaultPluginImpl of DefaultPluginImpl [roughlyenoughitems]/"
[06:03:52] [main/TRACE] [REI] [REIPlugin END] Reloading Section: "reloadable-plugin/FluidComparatorRegistryImpl/DefaultPluginImpl of DefaultPluginImpl [roughlyenoughitems]/" done in 74.99 μs
[06:03:52] [main/TRACE] [REI] [REIPlugin END] Reloading Section: "reloadable-plugin/FluidComparatorRegistryImpl/DefaultRuntimePlugin of DefaultRuntimePlugin [roughlyenoughitems]/"
[06:03:52] [main/TRACE] [REI] [REIPlugin END] Reloading Section: "reloadable-plugin/FluidComparatorRegistryImpl/DefaultRuntimePlugin of DefaultRuntimePlugin [roughlyenoughitems]/" done in 134.2 μs
[06:03:52] [main/TRACE] [REI] [REIPlugin END] Reloading Section: "reloadable-plugin/FluidComparatorRegistryImpl/AetherREIServerPlugin of AetherREIServerPlugin [aether]/"
[06:03:52] [main/TRACE] [REI] [REIPlugin END] Reloading Section: "reloadable-plugin/FluidComparatorRegistryImpl/AetherREIServerPlugin of AetherREIServerPlugin [aether]/" done in 76.54 μs
[06:03:52] [main/TRACE] [REI] [REIPlugin END] Reloading Section: "reloadable-plugin/FluidComparatorRegistryImpl/" done in 853.4 μs
[06:03:52] [main/TRACE] [REI] [REIPlugin END] Reloading Section: "reloadable-plugin/DisplaySerializerRegistryImpl/"
[06:03:52] [main/TRACE] [REI] [REIPlugin END] Reloading Section: "reloadable-plugin/DisplaySerializerRegistryImpl/DefaultPluginImpl of DefaultPluginImpl [roughlyenoughitems]/"
[06:03:52] [main/TRACE] [REI] [REIPlugin END] Reloading Section: "reloadable-plugin/DisplaySerializerRegistryImpl/DefaultPluginImpl of DefaultPluginImpl [roughlyenoughitems]/" done in 14.54 ms
[06:03:52] [main/TRACE] [REI] [REIPlugin END] Reloading Section: "reloadable-plugin/DisplaySerializerRegistryImpl/DefaultRuntimePlugin of DefaultRuntimePlugin [roughlyenoughitems]/"
[06:03:52] [main/TRACE] [REI] [REIPlugin END] Reloading Section: "reloadable-plugin/DisplaySerializerRegistryImpl/DefaultRuntimePlugin of DefaultRuntimePlugin [roughlyenoughitems]/" done in 87.53 μs
[06:03:52] [main/TRACE] [REI] [REIPlugin END] Reloading Section: "reloadable-plugin/DisplaySerializerRegistryImpl/AetherREIServerPlugin of AetherREIServerPlugin [aether]/"
[06:03:52] [main/TRACE] [REI] [REIPlugin END] Reloading Section: "reloadable-plugin/DisplaySerializerRegistryImpl/AetherREIServerPlugin of AetherREIServerPlugin [aether]/" done in 731.9 μs
[06:03:52] [main/TRACE] [REI] [REIPlugin END] Reloading Section: "reloadable-plugin/DisplaySerializerRegistryImpl/" done in 15.82 ms
[06:03:52] [main/TRACE] [REI] [REIPlugin END] Reloading Section: "reloadable-plugin/FluidSupportProviderImpl/"
[06:03:52] [main/TRACE] [REI] [REIPlugin END] Reloading Section: "reloadable-plugin/FluidSupportProviderImpl/DefaultPluginImpl of DefaultPluginImpl [roughlyenoughitems]/"
[06:03:52] [main/TRACE] [REI] [REIPlugin END] Reloading Section: "reloadable-plugin/FluidSupportProviderImpl/DefaultPluginImpl of DefaultPluginImpl [roughlyenoughitems]/" done in 55.19 μs
[06:03:52] [main/TRACE] [REI] [REIPlugin END] Reloading Section: "reloadable-plugin/FluidSupportProviderImpl/DefaultRuntimePlugin of DefaultRuntimePlugin [roughlyenoughitems]/"
[06:03:52] [main/TRACE] [REI] [REIPlugin END] Reloading Section: "reloadable-plugin/FluidSupportProviderImpl/DefaultRuntimePlugin of DefaultRuntimePlugin [roughlyenoughitems]/" done in 51.94 μs
[06:03:52] [main/TRACE] [REI] [REIPlugin END] Reloading Section: "reloadable-plugin/FluidSupportProviderImpl/AetherREIServerPlugin of AetherREIServerPlugin [aether]/"
[06:03:52] [main/TRACE] [REI] [REIPlugin END] Reloading Section: "reloadable-plugin/FluidSupportProviderImpl/AetherREIServerPlugin of AetherREIServerPlugin [aether]/" done in 53.16 μs
[06:03:52] [main/TRACE] [REI] [REIPlugin END] Reloading Section: "reloadable-plugin/FluidSupportProviderImpl/" done in 540.2 μs
[06:03:52] [main/DEBUG] [REI] ========================================
[06:03:52] [main/DEBUG] [REI] REIPlugin ending main-reload for END.
[06:03:52] [main/DEBUG] [REI] ========================================
[06:03:52] [main/TRACE] [REI] [REIPlugin END] Reloading Section: "end-reload/"
[06:03:52] [main/TRACE] [REI] [REIPlugin END] Reloading Section: "end-reload/EntryTypeRegistryImpl/"
[06:03:52] [main/TRACE] [REI] [REIPlugin END] Reloading Section: "end-reload/EntryTypeRegistryImpl/" done in 42.30 μs
[06:03:52] [main/TRACE] [REI] [REIPlugin END] Reloading Section: "end-reload/EntrySettingsAdapterRegistryImpl/"
[06:03:52] [main/TRACE] [REI] [REIPlugin END] Reloading Section: "end-reload/EntrySettingsAdapterRegistryImpl/" done in 38.60 μs
[06:03:52] [main/TRACE] [REI] [REIPlugin END] Reloading Section: "end-reload/RecipeManagerContextImpl/"
[06:03:52] [main/TRACE] [REI] [REIPlugin END] Reloading Section: "end-reload/RecipeManagerContextImpl/" done in 36.75 μs
[06:03:52] [main/TRACE] [REI] [REIPlugin END] Reloading Section: "end-reload/ItemComparatorRegistryImpl/"
[06:03:52] [main/TRACE] [REI] [REIPlugin END] Reloading Section: "end-reload/ItemComparatorRegistryImpl/" done in 40.57 μs
[06:03:52] [main/TRACE] [REI] [REIPlugin END] Reloading Section: "end-reload/FluidComparatorRegistryImpl/"
[06:03:52] [main/TRACE] [REI] [REIPlugin END] Reloading Section: "end-reload/FluidComparatorRegistryImpl/" done in 38.64 μs
[06:03:52] [main/TRACE] [REI] [REIPlugin END] Reloading Section: "end-reload/DisplaySerializerRegistryImpl/"
[06:03:52] [main/TRACE] [REI] [REIPlugin END] Reloading Section: "end-reload/DisplaySerializerRegistryImpl/" done in 36.44 μs
[06:03:52] [main/TRACE] [REI] [REIPlugin END] Reloading Section: "end-reload/FluidSupportProviderImpl/"
[06:03:52] [main/TRACE] [REI] [REIPlugin END] Reloading Section: "end-reload/FluidSupportProviderImpl/" done in 38.35 μs
[06:03:52] [main/TRACE] [REI] [REIPlugin END] Reloading Section: "end-reload/" done in 852.0 μs
[06:03:52] [main/DEBUG] [REI] ========================================
[06:03:52] [main/DEBUG] [REI] REIPlugin ended main-reload for END in 26.49 ms.
[06:03:52] [main/DEBUG] [REI] ========================================
[06:03:52] [main/INFO] [REI] ----------------------------------------
[06:03:52] [main/INFO] [REI] REIServerPlugin starting main-reload for END.
[06:03:52] [main/DEBUG] [REI] Reloadables (2):
[06:03:52] [main/DEBUG] [REI]  - MenuInfoRegistryImpl
[06:03:52] [main/DEBUG] [REI]  - SlotAccessorRegistryImpl
[06:03:52] [main/INFO] [REI] Plugins (3):
[06:03:52] [main/INFO] [REI]  - (-100.00) DefaultPluginImpl of DefaultPluginImpl [roughlyenoughitems]
[06:03:52] [main/INFO] [REI]  - (0.00) AetherREIServerPlugin of AetherREIServerPlugin [aether]
[06:03:52] [main/INFO] [REI]  - (0.00) DefaultRuntimePlugin of DefaultRuntimePlugin [roughlyenoughitems]
[06:03:52] [main/INFO] [REI] ----------------------------------------
[06:03:52] [main/TRACE] [REI] [REIServerPlugin END] Reloading Section: "start-reload/"
[06:03:52] [main/TRACE] [REI] [REIServerPlugin END] Reloading Section: "start-reload/MenuInfoRegistryImpl/"
[06:03:52] [main/TRACE] [REI] [REIServerPlugin END] Reloading Section: "start-reload/MenuInfoRegistryImpl/" done in 33.25 μs
[06:03:52] [main/TRACE] [REI] [REIServerPlugin END] Reloading Section: "start-reload/SlotAccessorRegistryImpl/"
[06:03:52] [main/TRACE] [REI] [REIServerPlugin END] Reloading Section: "start-reload/SlotAccessorRegistryImpl/" done in 26.19 μs
[06:03:52] [main/TRACE] [REI] [REIServerPlugin END] Reloading Section: "start-reload/" done in 190.2 μs
[06:03:52] [main/DEBUG] [REI] ========================================
[06:03:52] [main/DEBUG] [REI] REIServerPlugin started main-reload for END.
[06:03:52] [main/DEBUG] [REI] ========================================
[06:03:52] [main/TRACE] [REI] [REIServerPlugin END] Reloading Section: "reloadable-plugin/MenuInfoRegistryImpl/"
[06:03:52] [main/TRACE] [REI] [REIServerPlugin END] Reloading Section: "reloadable-plugin/MenuInfoRegistryImpl/DefaultPluginImpl of DefaultPluginImpl [roughlyenoughitems]/"
[06:03:52] [main/TRACE] [REI] [REIServerPlugin END] Reloading Section: "reloadable-plugin/MenuInfoRegistryImpl/DefaultPluginImpl of DefaultPluginImpl [roughlyenoughitems]/" done in 37.59 μs
[06:03:52] [main/TRACE] [REI] [REIServerPlugin END] Reloading Section: "reloadable-plugin/MenuInfoRegistryImpl/AetherREIServerPlugin of AetherREIServerPlugin [aether]/"
[06:03:52] [main/TRACE] [REI] [REIServerPlugin END] Reloading Section: "reloadable-plugin/MenuInfoRegistryImpl/AetherREIServerPlugin of AetherREIServerPlugin [aether]/" done in 33.48 μs
[06:03:52] [main/TRACE] [REI] [REIServerPlugin END] Reloading Section: "reloadable-plugin/MenuInfoRegistryImpl/DefaultRuntimePlugin of DefaultRuntimePlugin [roughlyenoughitems]/"
[06:03:52] [main/TRACE] [REI] [REIServerPlugin END] Reloading Section: "reloadable-plugin/MenuInfoRegistryImpl/DefaultRuntimePlugin of DefaultRuntimePlugin [roughlyenoughitems]/" done in 24.77 μs
[06:03:52] [main/TRACE] [REI] [REIServerPlugin END] Reloading Section: "reloadable-plugin/MenuInfoRegistryImpl/" done in 288.3 μs
[06:03:52] [main/TRACE] [REI] [REIServerPlugin END] Reloading Section: "reloadable-plugin/SlotAccessorRegistryImpl/"
[06:03:52] [main/TRACE] [REI] [REIServerPlugin END] Reloading Section: "reloadable-plugin/SlotAccessorRegistryImpl/DefaultPluginImpl of DefaultPluginImpl [roughlyenoughitems]/"
[06:03:52] [main/TRACE] [REI] [REIServerPlugin END] Reloading Section: "reloadable-plugin/SlotAccessorRegistryImpl/DefaultPluginImpl of DefaultPluginImpl [roughlyenoughitems]/" done in 31.78 μs
[06:03:52] [main/TRACE] [REI] [REIServerPlugin END] Reloading Section: "reloadable-plugin/SlotAccessorRegistryImpl/AetherREIServerPlugin of AetherREIServerPlugin [aether]/"
[06:03:52] [main/TRACE] [REI] [REIServerPlugin END] Reloading Section: "reloadable-plugin/SlotAccessorRegistryImpl/AetherREIServerPlugin of AetherREIServerPlugin [aether]/" done in 48.80 μs
[06:03:52] [main/TRACE] [REI] [REIServerPlugin END] Reloading Section: "reloadable-plugin/SlotAccessorRegistryImpl/DefaultRuntimePlugin of DefaultRuntimePlugin [roughlyenoughitems]/"
[06:03:52] [main/DEBUG] [REI] Added slot accessor serializer: me.shedaniel.rei.plugin.common.runtime.DefaultRuntimePlugin$1@41bdf425 [roughlyenoughitems:vanilla]
[06:03:52] [main/DEBUG] [REI] Added slot accessor serializer: me.shedaniel.rei.plugin.common.runtime.DefaultRuntimePlugin$2@2b32ea01 [roughlyenoughitems:player]
[06:03:52] [main/TRACE] [REI] [REIServerPlugin END] Reloading Section: "reloadable-plugin/SlotAccessorRegistryImpl/DefaultRuntimePlugin of DefaultRuntimePlugin [roughlyenoughitems]/" done in 1.636 ms
[06:03:52] [main/TRACE] [REI] [REIServerPlugin END] Reloading Section: "reloadable-plugin/SlotAccessorRegistryImpl/" done in 1.999 ms
[06:03:52] [main/DEBUG] [REI] ========================================
[06:03:52] [main/DEBUG] [REI] REIServerPlugin ending main-reload for END.
[06:03:52] [main/DEBUG] [REI] ========================================
[06:03:52] [main/TRACE] [REI] [REIServerPlugin END] Reloading Section: "end-reload/"
[06:03:52] [main/TRACE] [REI] [REIServerPlugin END] Reloading Section: "end-reload/MenuInfoRegistryImpl/"
[06:03:52] [main/DEBUG] [REI] Registered 0 menu infos
[06:03:52] [main/TRACE] [REI] [REIServerPlugin END] Reloading Section: "end-reload/MenuInfoRegistryImpl/" done in 131.9 μs
[06:03:52] [main/TRACE] [REI] [REIServerPlugin END] Reloading Section: "end-reload/SlotAccessorRegistryImpl/"
[06:03:52] [main/DEBUG] [REI] Registered 2 slot accessor serializers
[06:03:52] [main/TRACE] [REI] [REIServerPlugin END] Reloading Section: "end-reload/SlotAccessorRegistryImpl/" done in 110.4 μs
[06:03:52] [main/TRACE] [REI] [REIServerPlugin END] Reloading Section: "end-reload/" done in 420.5 μs
[06:03:52] [main/DEBUG] [REI] ========================================
[06:03:52] [main/DEBUG] [REI] REIServerPlugin ended main-reload for END in 4.496 ms.
[06:03:52] [main/DEBUG] [REI] ========================================
[06:03:52] [main/DEBUG] [REI] ========================================
[06:03:52] [main/DEBUG] [REI] REIPlugin starting post-reload for END.
[06:03:52] [main/DEBUG] [REI] Reloadables (7):
[06:03:52] [main/DEBUG] [REI]  - EntryTypeRegistryImpl
[06:03:52] [main/DEBUG] [REI]  - EntrySettingsAdapterRegistryImpl
[06:03:52] [main/DEBUG] [REI]  - RecipeManagerContextImpl
[06:03:52] [main/DEBUG] [REI]  - ItemComparatorRegistryImpl
[06:03:52] [main/DEBUG] [REI]  - FluidComparatorRegistryImpl
[06:03:52] [main/DEBUG] [REI]  - DisplaySerializerRegistryImpl
[06:03:52] [main/DEBUG] [REI]  - FluidSupportProviderImpl
[06:03:52] [main/DEBUG] [REI] Plugins (3):
[06:03:52] [main/DEBUG] [REI]  - (-100.00) DefaultPluginImpl of DefaultPluginImpl [roughlyenoughitems]
[06:03:52] [main/DEBUG] [REI]  - (0.00) DefaultRuntimePlugin of DefaultRuntimePlugin [roughlyenoughitems]
[06:03:52] [main/DEBUG] [REI]  - (0.00) AetherREIServerPlugin of AetherREIServerPlugin [aether]
[06:03:52] [main/DEBUG] [REI] ========================================
[06:03:52] [main/TRACE] [REI] [REIPlugin END] Reloading Section: "post-register/"
[06:03:52] [main/TRACE] [REI] [REIPlugin END] Reloading Section: "post-register/DefaultPluginImpl of DefaultPluginImpl [roughlyenoughitems]/"
[06:03:52] [main/TRACE] [REI] [REIPlugin END] Reloading Section: "post-register/DefaultPluginImpl of DefaultPluginImpl [roughlyenoughitems]/" done in 37.09 μs
[06:03:52] [main/TRACE] [REI] [REIPlugin END] Reloading Section: "post-register/DefaultRuntimePlugin of DefaultRuntimePlugin [roughlyenoughitems]/"
[06:03:52] [main/TRACE] [REI] [REIPlugin END] Reloading Section: "post-register/DefaultRuntimePlugin of DefaultRuntimePlugin [roughlyenoughitems]/" done in 56.13 μs
[06:03:52] [main/TRACE] [REI] [REIPlugin END] Reloading Section: "post-register/AetherREIServerPlugin of AetherREIServerPlugin [aether]/"
[06:03:52] [main/TRACE] [REI] [REIPlugin END] Reloading Section: "post-register/AetherREIServerPlugin of AetherREIServerPlugin [aether]/" done in 36.55 μs
[06:03:52] [main/TRACE] [REI] [REIPlugin END] Reloading Section: "post-register/" done in 388.4 μs
[06:03:52] [main/TRACE] [REI] [REIPlugin END] Reloading Section: "post-stage/"
[06:03:52] [main/TRACE] [REI] [REIPlugin END] Reloading Section: "post-stage/EntryTypeRegistryImpl/"
[06:03:52] [main/TRACE] [REI] [REIPlugin END] Reloading Section: "post-stage/EntryTypeRegistryImpl/" done in 46.02 μs
[06:03:52] [main/TRACE] [REI] [REIPlugin END] Reloading Section: "post-stage/EntrySettingsAdapterRegistryImpl/"
[06:03:52] [main/TRACE] [REI] [REIPlugin END] Reloading Section: "post-stage/EntrySettingsAdapterRegistryImpl/" done in 35.44 μs
[06:03:52] [main/TRACE] [REI] [REIPlugin END] Reloading Section: "post-stage/RecipeManagerContextImpl/"
[06:03:52] [main/TRACE] [REI] [REIPlugin END] Reloading Section: "post-stage/RecipeManagerContextImpl/" done in 33.44 μs
[06:03:52] [main/TRACE] [REI] [REIPlugin END] Reloading Section: "post-stage/ItemComparatorRegistryImpl/"
[06:03:52] [main/TRACE] [REI] [REIPlugin END] Reloading Section: "post-stage/ItemComparatorRegistryImpl/" done in 32.64 μs
[06:03:52] [main/TRACE] [REI] [REIPlugin END] Reloading Section: "post-stage/FluidComparatorRegistryImpl/"
[06:03:52] [main/TRACE] [REI] [REIPlugin END] Reloading Section: "post-stage/FluidComparatorRegistryImpl/" done in 40.32 μs
[06:03:52] [main/TRACE] [REI] [REIPlugin END] Reloading Section: "post-stage/DisplaySerializerRegistryImpl/"
[06:03:52] [main/TRACE] [REI] [REIPlugin END] Reloading Section: "post-stage/DisplaySerializerRegistryImpl/" done in 45.94 μs
[06:03:52] [main/TRACE] [REI] [REIPlugin END] Reloading Section: "post-stage/FluidSupportProviderImpl/"
[06:03:52] [main/TRACE] [REI] [REIPlugin END] Reloading Section: "post-stage/FluidSupportProviderImpl/" done in 65.95 μs
[06:03:52] [main/TRACE] [REI] [REIPlugin END] Reloading Section: "post-stage/" done in 845.6 μs
[06:03:52] [main/DEBUG] [REI] ========================================
[06:03:52] [main/INFO] [REI] REIPlugin finished post-reload for END in 1.365 ms, totaling 31.12 ms.
[06:03:52] [main/DEBUG] [REI] ========================================
[06:03:52] [main/DEBUG] [REI] ========================================
[06:03:52] [main/DEBUG] [REI] REIServerPlugin starting post-reload for END.
[06:03:52] [main/DEBUG] [REI] Reloadables (2):
[06:03:52] [main/DEBUG] [REI]  - MenuInfoRegistryImpl
[06:03:52] [main/DEBUG] [REI]  - SlotAccessorRegistryImpl
[06:03:52] [main/DEBUG] [REI] Plugins (3):
[06:03:52] [main/DEBUG] [REI]  - (-100.00) DefaultPluginImpl of DefaultPluginImpl [roughlyenoughitems]
[06:03:52] [main/DEBUG] [REI]  - (0.00) AetherREIServerPlugin of AetherREIServerPlugin [aether]
[06:03:52] [main/DEBUG] [REI]  - (0.00) DefaultRuntimePlugin of DefaultRuntimePlugin [roughlyenoughitems]
[06:03:52] [main/DEBUG] [REI] ========================================
[06:03:52] [main/TRACE] [REI] [REIServerPlugin END] Reloading Section: "post-register/"
[06:03:52] [main/TRACE] [REI] [REIServerPlugin END] Reloading Section: "post-register/DefaultPluginImpl of DefaultPluginImpl [roughlyenoughitems]/"
[06:03:52] [main/TRACE] [REI] [REIServerPlugin END] Reloading Section: "post-register/DefaultPluginImpl of DefaultPluginImpl [roughlyenoughitems]/" done in 30.68 μs
[06:03:52] [main/TRACE] [REI] [REIServerPlugin END] Reloading Section: "post-register/AetherREIServerPlugin of AetherREIServerPlugin [aether]/"
[06:03:52] [main/TRACE] [REI] [REIServerPlugin END] Reloading Section: "post-register/AetherREIServerPlugin of AetherREIServerPlugin [aether]/" done in 33.32 μs
[06:03:52] [main/TRACE] [REI] [REIServerPlugin END] Reloading Section: "post-register/DefaultRuntimePlugin of DefaultRuntimePlugin [roughlyenoughitems]/"
[06:03:52] [main/TRACE] [REI] [REIServerPlugin END] Reloading Section: "post-register/DefaultRuntimePlugin of DefaultRuntimePlugin [roughlyenoughitems]/" done in 31.83 μs
[06:03:52] [main/TRACE] [REI] [REIServerPlugin END] Reloading Section: "post-register/" done in 340.5 μs
[06:03:52] [main/TRACE] [REI] [REIServerPlugin END] Reloading Section: "post-stage/"
[06:03:52] [main/TRACE] [REI] [REIServerPlugin END] Reloading Section: "post-stage/MenuInfoRegistryImpl/"
[06:03:52] [main/TRACE] [REI] [REIServerPlugin END] Reloading Section: "post-stage/MenuInfoRegistryImpl/" done in 28.80 μs
[06:03:52] [main/TRACE] [REI] [REIServerPlugin END] Reloading Section: "post-stage/SlotAccessorRegistryImpl/"
[06:03:52] [main/TRACE] [REI] [REIServerPlugin END] Reloading Section: "post-stage/SlotAccessorRegistryImpl/" done in 31.83 μs
[06:03:52] [main/TRACE] [REI] [REIServerPlugin END] Reloading Section: "post-stage/" done in 219.0 μs
[06:03:52] [main/DEBUG] [REI] ========================================
[06:03:52] [main/INFO] [REI] REIServerPlugin finished post-reload for END in 678.5 μs, totaling 5.760 ms.
[06:03:52] [main/DEBUG] [REI] ========================================
